2025. 06. 18. 23:01:12 : Starting Network Model Serivice...
2025. 06. 18. 23:01:12 : Inserting entity with GID (0000000100000001).
2025. 06. 18. 23:01:12 : Inserting entity with GID (0000000100000002).
2025. 06. 18. 23:01:12 : Inserting entity with GID (0000000100000003).
2025. 06. 18. 23:01:12 : Inserting entity with GID (0000000200000001).
2025. 06. 18. 23:01:12 : Inserting entity with GID (0000000200000002).
2025. 06. 18. 23:01:12 : Inserting entity with GID (0000000200000003).
2025. 06. 18. 23:01:12 : Inserting entity with GID (0000000200000004).
2025. 06. 18. 23:01:12 : Inserting entity with GID (0000000300000001).
2025. 06. 18. 23:01:12 : Inserting entity with GID (0000000300000002).
2025. 06. 18. 23:01:12 : Inserting entity with GID (0000000300000003).
2025. 06. 18. 23:01:12 : Inserting entity with GID (0000000300000004).
2025. 06. 18. 23:01:12 : Inserting entity with GID (0000000400000001).
2025. 06. 18. 23:01:12 : Inserting entity with GID (0000000400000002).
2025. 06. 18. 23:01:12 : Inserting entity with GID (0000000500000001).
2025. 06. 18. 23:01:12 : Inserting entity with GID (0000000500000002).
2025. 06. 18. 23:01:12 : Inserting entity with GID (0000000500000003).
2025. 06. 18. 23:01:12 : Inserting entity with GID (0000000600000001).
2025. 06. 18. 23:01:12 : Inserting entity with GID (0000000600000002).
2025. 06. 18. 23:01:12 : Inserting entity with GID (0000000600000003).
2025. 06. 18. 23:01:12 : Inserting entity with GID (0000000100000004).
2025. 06. 18. 23:01:12 : Inserting entity with GID (0000000100000005).
2025. 06. 18. 23:01:12 : Inserting entity with GID (0000000100000006).
2025. 06. 18. 23:01:12 : Inserting entity with GID (0000000200000005).
2025. 06. 18. 23:01:12 : Inserting entity with GID (0000000200000006).
2025. 06. 18. 23:01:12 : Inserting entity with GID (0000000200000007).
2025. 06. 18. 23:01:12 : Inserting entity with GID (0000000200000008).
2025. 06. 18. 23:01:12 : Inserting entity with GID (0000000300000005).
2025. 06. 18. 23:01:12 : Inserting entity with GID (0000000300000006).
2025. 06. 18. 23:01:12 : Inserting entity with GID (0000000300000007).
2025. 06. 18. 23:01:12 : Inserting entity with GID (0000000300000008).
2025. 06. 18. 23:01:12 : Inserting entity with GID (0000000400000003).
2025. 06. 18. 23:01:12 : Inserting entity with GID (0000000400000004).
2025. 06. 18. 23:01:12 : Inserting entity with GID (0000000500000002).
2025. 06. 18. 23:01:12 : Failed to insert entity because entity with specified GID (0000000500000002) already exists in network model.
2025. 06. 18. 23:01:12 : Error while applying delta (id = 2) during service initialization. Failed to insert entity because entity with specified GID (0000000500000002) already exists in network model.
2025. 06. 18. 23:01:12 : Inserting entity with GID (0000000100000007).
2025. 06. 18. 23:01:12 : Inserting entity with GID (0000000100000008).
2025. 06. 18. 23:01:12 : Inserting entity with GID (0000000100000009).
2025. 06. 18. 23:01:12 : Inserting entity with GID (0000000200000009).
2025. 06. 18. 23:01:12 : Inserting entity with GID (000000020000000a).
2025. 06. 18. 23:01:12 : Inserting entity with GID (000000020000000b).
2025. 06. 18. 23:01:12 : Inserting entity with GID (000000020000000c).
2025. 06. 18. 23:01:12 : Inserting entity with GID (0000000300000009).
2025. 06. 18. 23:01:12 : Inserting entity with GID (000000030000000a).
2025. 06. 18. 23:01:12 : Inserting entity with GID (000000030000000b).
2025. 06. 18. 23:01:12 : Inserting entity with GID (000000030000000c).
2025. 06. 18. 23:01:12 : Inserting entity with GID (0000000400000005).
2025. 06. 18. 23:01:12 : Inserting entity with GID (0000000400000006).
2025. 06. 18. 23:01:12 : Inserting entity with GID (0000000500000003).
2025. 06. 18. 23:01:12 : Failed to insert entity because entity with specified GID (0000000500000003) already exists in network model.
2025. 06. 18. 23:01:12 : Error while applying delta (id = 3) during service initialization. Failed to insert entity because entity with specified GID (0000000500000003) already exists in network model.
2025. 06. 18. 23:01:12 : Inserting entity with GID (000000010000000a).
2025. 06. 18. 23:01:12 : Inserting entity with GID (000000010000000b).
2025. 06. 18. 23:01:12 : Inserting entity with GID (000000010000000c).
2025. 06. 18. 23:01:12 : Inserting entity with GID (000000020000000d).
2025. 06. 18. 23:01:12 : Inserting entity with GID (000000020000000e).
2025. 06. 18. 23:01:12 : Inserting entity with GID (000000020000000f).
2025. 06. 18. 23:01:12 : Inserting entity with GID (0000000200000010).
2025. 06. 18. 23:01:12 : Inserting entity with GID (000000030000000d).
2025. 06. 18. 23:01:12 : Inserting entity with GID (000000030000000e).
2025. 06. 18. 23:01:12 : Inserting entity with GID (000000030000000f).
2025. 06. 18. 23:01:12 : Inserting entity with GID (0000000300000010).
2025. 06. 18. 23:01:12 : Inserting entity with GID (0000000400000007).
2025. 06. 18. 23:01:12 : Inserting entity with GID (0000000400000008).
2025. 06. 18. 23:01:12 : Inserting entity with GID (0000000500000004).
2025. 06. 18. 23:01:12 : Inserting entity with GID (0000000500000005).
2025. 06. 18. 23:01:12 : Inserting entity with GID (0000000500000006).
2025. 06. 18. 23:01:12 : Inserting entity with GID (0000000600000004).
2025. 06. 18. 23:01:12 : Inserting entity with GID (0000000600000005).
2025. 06. 18. 23:01:12 : Inserting entity with GID (0000000600000006).
2025. 06. 18. 23:01:12 : Inserting entity with GID (000000010000000d).
2025. 06. 18. 23:01:12 : Inserting entity with GID (000000010000000e).
2025. 06. 18. 23:01:12 : Inserting entity with GID (000000010000000f).
2025. 06. 18. 23:01:12 : Inserting entity with GID (0000000200000011).
2025. 06. 18. 23:01:12 : Inserting entity with GID (0000000200000012).
2025. 06. 18. 23:01:12 : Inserting entity with GID (0000000200000013).
2025. 06. 18. 23:01:12 : Inserting entity with GID (0000000200000014).
2025. 06. 18. 23:01:12 : Inserting entity with GID (0000000300000011).
2025. 06. 18. 23:01:12 : Inserting entity with GID (0000000300000012).
2025. 06. 18. 23:01:12 : Inserting entity with GID (0000000300000013).
2025. 06. 18. 23:01:12 : Inserting entity with GID (0000000300000014).
2025. 06. 18. 23:01:12 : Inserting entity with GID (0000000400000009).
2025. 06. 18. 23:01:12 : Inserting entity with GID (000000040000000a).
2025. 06. 18. 23:01:12 : Inserting entity with GID (0000000500000007).
2025. 06. 18. 23:01:12 : Inserting entity with GID (0000000500000008).
2025. 06. 18. 23:01:12 : Inserting entity with GID (0000000500000009).
2025. 06. 18. 23:01:12 : Inserting entity with GID (0000000600000007).
2025. 06. 18. 23:01:12 : Inserting entity with GID (0000000600000008).
2025. 06. 18. 23:01:12 : Inserting entity with GID (0000000600000009).
2025. 06. 18. 23:01:12 : Inserting entity with GID (0000000100000010).
2025. 06. 18. 23:01:12 : Inserting entity with GID (0000000100000011).
2025. 06. 18. 23:01:12 : Inserting entity with GID (0000000100000012).
2025. 06. 18. 23:01:12 : Inserting entity with GID (0000000200000015).
2025. 06. 18. 23:01:12 : Inserting entity with GID (0000000200000016).
2025. 06. 18. 23:01:12 : Inserting entity with GID (0000000200000017).
2025. 06. 18. 23:01:12 : Inserting entity with GID (0000000200000018).
2025. 06. 18. 23:01:12 : Inserting entity with GID (0000000300000015).
2025. 06. 18. 23:01:12 : Inserting entity with GID (0000000300000016).
2025. 06. 18. 23:01:12 : Inserting entity with GID (0000000300000017).
2025. 06. 18. 23:01:12 : Inserting entity with GID (0000000300000018).
2025. 06. 18. 23:01:12 : Inserting entity with GID (000000040000000b).
2025. 06. 18. 23:01:12 : Inserting entity with GID (000000040000000c).
2025. 06. 18. 23:01:12 : Inserting entity with GID (000000050000000a).
2025. 06. 18. 23:01:12 : Inserting entity with GID (000000050000000b).
2025. 06. 18. 23:01:12 : Inserting entity with GID (000000050000000c).
2025. 06. 18. 23:01:12 : Inserting entity with GID (000000060000000a).
2025. 06. 18. 23:01:12 : Inserting entity with GID (000000060000000b).
2025. 06. 18. 23:01:12 : Inserting entity with GID (000000060000000c).
2025. 06. 18. 23:01:12 : Inserting entity with GID (0000000100000013).
2025. 06. 18. 23:01:12 : Inserting entity with GID (0000000100000014).
2025. 06. 18. 23:01:12 : Inserting entity with GID (0000000100000015).
2025. 06. 18. 23:01:12 : Inserting entity with GID (0000000200000019).
2025. 06. 18. 23:01:12 : Inserting entity with GID (000000020000001a).
2025. 06. 18. 23:01:12 : Inserting entity with GID (000000020000001b).
2025. 06. 18. 23:01:12 : Inserting entity with GID (000000020000001c).
2025. 06. 18. 23:01:12 : Inserting entity with GID (0000000300000019).
2025. 06. 18. 23:01:12 : Inserting entity with GID (000000030000001a).
2025. 06. 18. 23:01:12 : Inserting entity with GID (000000030000001b).
2025. 06. 18. 23:01:12 : Inserting entity with GID (000000030000001c).
2025. 06. 18. 23:01:12 : Inserting entity with GID (000000040000000d).
2025. 06. 18. 23:01:12 : Inserting entity with GID (000000040000000e).
2025. 06. 18. 23:01:12 : Inserting entity with GID (000000050000000d).
2025. 06. 18. 23:01:12 : Inserting entity with GID (000000050000000e).
2025. 06. 18. 23:01:12 : Inserting entity with GID (000000050000000f).
2025. 06. 18. 23:01:12 : Inserting entity with GID (000000060000000d).
2025. 06. 18. 23:01:12 : Inserting entity with GID (000000060000000e).
2025. 06. 18. 23:01:12 : Inserting entity with GID (000000060000000f).
2025. 06. 18. 23:01:12 : Inserting entity with GID (0000000100000016).
2025. 06. 18. 23:01:12 : Inserting entity with GID (0000000100000017).
2025. 06. 18. 23:01:12 : Inserting entity with GID (0000000100000018).
2025. 06. 18. 23:01:12 : Inserting entity with GID (000000020000001d).
2025. 06. 18. 23:01:12 : Inserting entity with GID (000000020000001e).
2025. 06. 18. 23:01:12 : Inserting entity with GID (000000020000001f).
2025. 06. 18. 23:01:12 : Inserting entity with GID (0000000200000020).
2025. 06. 18. 23:01:12 : Inserting entity with GID (000000030000001d).
2025. 06. 18. 23:01:12 : Inserting entity with GID (000000030000001e).
2025. 06. 18. 23:01:12 : Inserting entity with GID (000000030000001f).
2025. 06. 18. 23:01:12 : Inserting entity with GID (0000000300000020).
2025. 06. 18. 23:01:12 : Inserting entity with GID (000000040000000f).
2025. 06. 18. 23:01:12 : Inserting entity with GID (0000000400000010).
2025. 06. 18. 23:01:12 : Inserting entity with GID (0000000500000010).
2025. 06. 18. 23:01:12 : Inserting entity with GID (0000000500000011).
2025. 06. 18. 23:01:12 : Inserting entity with GID (0000000500000012).
2025. 06. 18. 23:01:12 : Inserting entity with GID (0000000600000010).
2025. 06. 18. 23:01:12 : Inserting entity with GID (0000000600000011).
2025. 06. 18. 23:01:12 : Inserting entity with GID (0000000600000012).
2025. 06. 18. 23:01:12 : Inserting entity with GID (0000000100000019).
2025. 06. 18. 23:01:12 : Inserting entity with GID (000000010000001a).
2025. 06. 18. 23:01:12 : Inserting entity with GID (000000010000001b).
2025. 06. 18. 23:01:12 : Inserting entity with GID (0000000200000021).
2025. 06. 18. 23:01:12 : Inserting entity with GID (0000000200000022).
2025. 06. 18. 23:01:12 : Inserting entity with GID (0000000200000023).
2025. 06. 18. 23:01:12 : Inserting entity with GID (0000000200000024).
2025. 06. 18. 23:01:12 : Inserting entity with GID (0000000300000021).
2025. 06. 18. 23:01:12 : Inserting entity with GID (0000000300000022).
2025. 06. 18. 23:01:12 : Inserting entity with GID (0000000300000023).
2025. 06. 18. 23:01:12 : Inserting entity with GID (0000000300000024).
2025. 06. 18. 23:01:12 : Inserting entity with GID (0000000400000011).
2025. 06. 18. 23:01:12 : Inserting entity with GID (0000000400000012).
2025. 06. 18. 23:01:12 : Inserting entity with GID (0000000500000013).
2025. 06. 18. 23:01:12 : Inserting entity with GID (0000000500000014).
2025. 06. 18. 23:01:12 : Inserting entity with GID (0000000500000015).
2025. 06. 18. 23:01:12 : Inserting entity with GID (0000000600000013).
2025. 06. 18. 23:01:12 : Inserting entity with GID (0000000600000014).
2025. 06. 18. 23:01:12 : Inserting entity with GID (0000000600000015).
2025. 06. 18. 23:01:12 : Inserting entity with GID (000000010000001c).
2025. 06. 18. 23:01:12 : Inserting entity with GID (000000010000001d).
2025. 06. 18. 23:01:12 : Inserting entity with GID (000000010000001e).
2025. 06. 18. 23:01:12 : Inserting entity with GID (0000000200000025).
2025. 06. 18. 23:01:12 : Inserting entity with GID (0000000200000026).
2025. 06. 18. 23:01:12 : Inserting entity with GID (0000000200000027).
2025. 06. 18. 23:01:12 : Inserting entity with GID (0000000200000028).
2025. 06. 18. 23:01:12 : Inserting entity with GID (0000000300000025).
2025. 06. 18. 23:01:12 : Inserting entity with GID (0000000300000026).
2025. 06. 18. 23:01:12 : Inserting entity with GID (0000000300000027).
2025. 06. 18. 23:01:12 : Inserting entity with GID (0000000300000028).
2025. 06. 18. 23:01:12 : Inserting entity with GID (0000000400000013).
2025. 06. 18. 23:01:12 : Inserting entity with GID (0000000400000014).
2025. 06. 18. 23:01:12 : Inserting entity with GID (0000000500000016).
2025. 06. 18. 23:01:12 : Inserting entity with GID (0000000500000017).
2025. 06. 18. 23:01:12 : Inserting entity with GID (0000000500000018).
2025. 06. 18. 23:01:12 : Inserting entity with GID (0000000600000016).
2025. 06. 18. 23:01:12 : Inserting entity with GID (0000000600000017).
2025. 06. 18. 23:01:12 : Inserting entity with GID (0000000600000018).
2025. 06. 18. 23:01:12 : Inserting entity with GID (000000010000001f).
2025. 06. 18. 23:01:12 : Inserting entity with GID (0000000100000020).
2025. 06. 18. 23:01:12 : Inserting entity with GID (0000000100000021).
2025. 06. 18. 23:01:12 : Inserting entity with GID (0000000200000029).
2025. 06. 18. 23:01:12 : Inserting entity with GID (000000020000002a).
2025. 06. 18. 23:01:12 : Inserting entity with GID (000000020000002b).
2025. 06. 18. 23:01:12 : Inserting entity with GID (000000020000002c).
2025. 06. 18. 23:01:12 : Inserting entity with GID (0000000300000029).
2025. 06. 18. 23:01:12 : Inserting entity with GID (000000030000002a).
2025. 06. 18. 23:01:12 : Inserting entity with GID (000000030000002b).
2025. 06. 18. 23:01:12 : Inserting entity with GID (000000030000002c).
2025. 06. 18. 23:01:12 : Inserting entity with GID (0000000400000015).
2025. 06. 18. 23:01:12 : Inserting entity with GID (0000000400000016).
2025. 06. 18. 23:01:12 : Inserting entity with GID (0000000500000019).
2025. 06. 18. 23:01:12 : Inserting entity with GID (000000050000001a).
2025. 06. 18. 23:01:12 : Inserting entity with GID (000000050000001b).
2025. 06. 18. 23:01:12 : Inserting entity with GID (0000000600000019).
2025. 06. 18. 23:01:12 : Inserting entity with GID (000000060000001a).
2025. 06. 18. 23:01:12 : Inserting entity with GID (000000060000001b).
2025. 06. 18. 23:01:12 : Inserting entity with GID (0000000100000022).
2025. 06. 18. 23:01:12 : Inserting entity with GID (0000000100000023).
2025. 06. 18. 23:01:12 : Inserting entity with GID (0000000100000024).
2025. 06. 18. 23:01:12 : Inserting entity with GID (000000020000002d).
2025. 06. 18. 23:01:12 : Inserting entity with GID (000000020000002e).
2025. 06. 18. 23:01:12 : Inserting entity with GID (000000020000002f).
2025. 06. 18. 23:01:12 : Inserting entity with GID (0000000200000030).
2025. 06. 18. 23:01:12 : Inserting entity with GID (000000030000002d).
2025. 06. 18. 23:01:12 : Inserting entity with GID (000000030000002e).
2025. 06. 18. 23:01:12 : Inserting entity with GID (000000030000002f).
2025. 06. 18. 23:01:12 : Inserting entity with GID (0000000300000030).
2025. 06. 18. 23:01:12 : Inserting entity with GID (0000000400000017).
2025. 06. 18. 23:01:12 : Inserting entity with GID (0000000400000018).
2025. 06. 18. 23:01:12 : Inserting entity with GID (000000050000001c).
2025. 06. 18. 23:01:12 : Inserting entity with GID (000000050000001d).
2025. 06. 18. 23:01:12 : Inserting entity with GID (000000050000001e).
2025. 06. 18. 23:01:12 : Inserting entity with GID (000000060000001c).
2025. 06. 18. 23:01:12 : Inserting entity with GID (000000060000001d).
2025. 06. 18. 23:01:12 : Inserting entity with GID (000000060000001e).
2025. 06. 18. 23:01:12 : Inserting entity with GID (0000000100000025).
2025. 06. 18. 23:01:12 : Inserting entity with GID (0000000100000026).
2025. 06. 18. 23:01:12 : Inserting entity with GID (0000000100000027).
2025. 06. 18. 23:01:12 : Inserting entity with GID (0000000200000031).
2025. 06. 18. 23:01:12 : Inserting entity with GID (0000000200000032).
2025. 06. 18. 23:01:12 : Inserting entity with GID (0000000200000033).
2025. 06. 18. 23:01:12 : Inserting entity with GID (0000000200000034).
2025. 06. 18. 23:01:12 : Inserting entity with GID (0000000300000031).
2025. 06. 18. 23:01:12 : Inserting entity with GID (0000000300000032).
2025. 06. 18. 23:01:12 : Inserting entity with GID (0000000300000033).
2025. 06. 18. 23:01:12 : Inserting entity with GID (0000000300000034).
2025. 06. 18. 23:01:12 : Inserting entity with GID (0000000400000019).
2025. 06. 18. 23:01:12 : Inserting entity with GID (000000040000001a).
2025. 06. 18. 23:01:12 : Inserting entity with GID (000000050000001f).
2025. 06. 18. 23:01:12 : Inserting entity with GID (0000000500000020).
2025. 06. 18. 23:01:12 : Inserting entity with GID (0000000500000021).
2025. 06. 18. 23:01:12 : Inserting entity with GID (000000060000001f).
2025. 06. 18. 23:01:12 : Inserting entity with GID (0000000600000020).
2025. 06. 18. 23:01:12 : Inserting entity with GID (0000000600000021).
2025. 06. 18. 23:01:12 : Inserting entity with GID (0000000100000028).
2025. 06. 18. 23:01:12 : Inserting entity with GID (0000000100000029).
2025. 06. 18. 23:01:12 : Inserting entity with GID (000000010000002a).
2025. 06. 18. 23:01:12 : Inserting entity with GID (0000000200000035).
2025. 06. 18. 23:01:12 : Inserting entity with GID (0000000200000036).
2025. 06. 18. 23:01:12 : Inserting entity with GID (0000000200000037).
2025. 06. 18. 23:01:12 : Inserting entity with GID (0000000200000038).
2025. 06. 18. 23:01:12 : Inserting entity with GID (0000000300000035).
2025. 06. 18. 23:01:12 : Inserting entity with GID (0000000300000036).
2025. 06. 18. 23:01:12 : Inserting entity with GID (0000000300000037).
2025. 06. 18. 23:01:12 : Inserting entity with GID (0000000300000038).
2025. 06. 18. 23:01:12 : Inserting entity with GID (000000040000001b).
2025. 06. 18. 23:01:12 : Inserting entity with GID (000000040000001c).
2025. 06. 18. 23:01:12 : Inserting entity with GID (0000000500000022).
2025. 06. 18. 23:01:12 : Inserting entity with GID (0000000500000023).
2025. 06. 18. 23:01:12 : Inserting entity with GID (0000000500000024).
2025. 06. 18. 23:01:12 : Inserting entity with GID (0000000600000022).
2025. 06. 18. 23:01:12 : Inserting entity with GID (0000000600000023).
2025. 06. 18. 23:01:12 : Inserting entity with GID (0000000600000024).
2025. 06. 18. 23:01:12 : Inserting entity with GID (000000010000002b).
2025. 06. 18. 23:01:12 : Inserting entity with GID (000000010000002c).
2025. 06. 18. 23:01:12 : Inserting entity with GID (000000010000002d).
2025. 06. 18. 23:01:12 : Inserting entity with GID (0000000200000039).
2025. 06. 18. 23:01:12 : Inserting entity with GID (000000020000003a).
2025. 06. 18. 23:01:12 : Inserting entity with GID (000000020000003b).
2025. 06. 18. 23:01:12 : Inserting entity with GID (000000020000003c).
2025. 06. 18. 23:01:12 : Inserting entity with GID (0000000300000039).
2025. 06. 18. 23:01:12 : Inserting entity with GID (000000030000003a).
2025. 06. 18. 23:01:12 : Inserting entity with GID (000000030000003b).
2025. 06. 18. 23:01:12 : Inserting entity with GID (000000030000003c).
2025. 06. 18. 23:01:12 : Inserting entity with GID (000000040000001d).
2025. 06. 18. 23:01:12 : Inserting entity with GID (000000040000001e).
2025. 06. 18. 23:01:12 : Inserting entity with GID (0000000500000025).
2025. 06. 18. 23:01:12 : Inserting entity with GID (0000000500000026).
2025. 06. 18. 23:01:12 : Inserting entity with GID (0000000500000027).
2025. 06. 18. 23:01:12 : Inserting entity with GID (0000000600000025).
2025. 06. 18. 23:01:12 : Inserting entity with GID (0000000600000026).
2025. 06. 18. 23:01:12 : Inserting entity with GID (0000000600000027).
2025. 06. 18. 23:01:12 : Inserting entity with GID (000000010000002e).
2025. 06. 18. 23:01:12 : Inserting entity with GID (000000010000002f).
2025. 06. 18. 23:01:12 : Inserting entity with GID (0000000100000030).
2025. 06. 18. 23:01:12 : Inserting entity with GID (000000020000003d).
2025. 06. 18. 23:01:12 : Inserting entity with GID (000000020000003e).
2025. 06. 18. 23:01:12 : Inserting entity with GID (000000020000003f).
2025. 06. 18. 23:01:12 : Inserting entity with GID (0000000200000040).
2025. 06. 18. 23:01:12 : Inserting entity with GID (000000030000003d).
2025. 06. 18. 23:01:12 : Inserting entity with GID (000000030000003e).
2025. 06. 18. 23:01:12 : Inserting entity with GID (000000030000003f).
2025. 06. 18. 23:01:12 : Inserting entity with GID (0000000300000040).
2025. 06. 18. 23:01:12 : Inserting entity with GID (000000040000001f).
2025. 06. 18. 23:01:12 : Inserting entity with GID (0000000400000020).
2025. 06. 18. 23:01:12 : Inserting entity with GID (0000000500000028).
2025. 06. 18. 23:01:12 : Inserting entity with GID (0000000500000029).
2025. 06. 18. 23:01:12 : Inserting entity with GID (000000050000002a).
2025. 06. 18. 23:01:12 : Inserting entity with GID (0000000600000028).
2025. 06. 18. 23:01:12 : Inserting entity with GID (0000000600000029).
2025. 06. 18. 23:01:12 : Inserting entity with GID (000000060000002a).
2025. 06. 18. 23:01:12 : Inserting entity with GID (0000000100000031).
2025. 06. 18. 23:01:12 : Inserting entity with GID (0000000100000032).
2025. 06. 18. 23:01:12 : Inserting entity with GID (0000000100000033).
2025. 06. 18. 23:01:12 : Inserting entity with GID (0000000200000041).
2025. 06. 18. 23:01:12 : Inserting entity with GID (0000000200000042).
2025. 06. 18. 23:01:12 : Inserting entity with GID (0000000200000043).
2025. 06. 18. 23:01:12 : Inserting entity with GID (0000000200000044).
2025. 06. 18. 23:01:12 : Inserting entity with GID (0000000300000041).
2025. 06. 18. 23:01:12 : Inserting entity with GID (0000000300000042).
2025. 06. 18. 23:01:12 : Inserting entity with GID (0000000300000043).
2025. 06. 18. 23:01:12 : Inserting entity with GID (0000000300000044).
2025. 06. 18. 23:01:12 : Inserting entity with GID (0000000400000021).
2025. 06. 18. 23:01:12 : Inserting entity with GID (0000000400000022).
2025. 06. 18. 23:01:12 : Inserting entity with GID (000000050000002b).
2025. 06. 18. 23:01:12 : Inserting entity with GID (000000050000002c).
2025. 06. 18. 23:01:12 : Inserting entity with GID (000000050000002d).
2025. 06. 18. 23:01:12 : Inserting entity with GID (000000060000002b).
2025. 06. 18. 23:01:12 : Inserting entity with GID (000000060000002c).
2025. 06. 18. 23:01:12 : Inserting entity with GID (000000060000002d).
2025. 06. 18. 23:01:12 : Inserting entity with GID (0000000100000034).
2025. 06. 18. 23:01:12 : Inserting entity with GID (0000000100000035).
2025. 06. 18. 23:01:12 : Inserting entity with GID (0000000100000036).
2025. 06. 18. 23:01:12 : Inserting entity with GID (0000000200000045).
2025. 06. 18. 23:01:12 : Inserting entity with GID (0000000200000046).
2025. 06. 18. 23:01:12 : Inserting entity with GID (0000000200000047).
2025. 06. 18. 23:01:12 : Inserting entity with GID (0000000200000048).
2025. 06. 18. 23:01:12 : Inserting entity with GID (0000000300000045).
2025. 06. 18. 23:01:12 : Inserting entity with GID (0000000300000046).
2025. 06. 18. 23:01:12 : Inserting entity with GID (0000000300000047).
2025. 06. 18. 23:01:12 : Inserting entity with GID (0000000300000048).
2025. 06. 18. 23:01:12 : Inserting entity with GID (0000000400000023).
2025. 06. 18. 23:01:12 : Inserting entity with GID (0000000400000024).
2025. 06. 18. 23:01:12 : Inserting entity with GID (000000050000002e).
2025. 06. 18. 23:01:12 : Inserting entity with GID (000000050000002f).
2025. 06. 18. 23:01:12 : Inserting entity with GID (0000000500000030).
2025. 06. 18. 23:01:12 : Inserting entity with GID (000000060000002e).
2025. 06. 18. 23:01:12 : Inserting entity with GID (000000060000002f).
2025. 06. 18. 23:01:12 : Inserting entity with GID (0000000600000030).
2025. 06. 18. 23:01:12 : Inserting entity with GID (0000000100000037).
2025. 06. 18. 23:01:12 : Inserting entity with GID (0000000100000038).
2025. 06. 18. 23:01:12 : Inserting entity with GID (0000000100000039).
2025. 06. 18. 23:01:12 : Inserting entity with GID (0000000200000049).
2025. 06. 18. 23:01:12 : Inserting entity with GID (000000020000004a).
2025. 06. 18. 23:01:12 : Inserting entity with GID (000000020000004b).
2025. 06. 18. 23:01:12 : Inserting entity with GID (000000020000004c).
2025. 06. 18. 23:01:12 : Inserting entity with GID (0000000300000049).
2025. 06. 18. 23:01:12 : Inserting entity with GID (000000030000004a).
2025. 06. 18. 23:01:12 : Inserting entity with GID (000000030000004b).
2025. 06. 18. 23:01:12 : Inserting entity with GID (000000030000004c).
2025. 06. 18. 23:01:12 : Inserting entity with GID (0000000400000025).
2025. 06. 18. 23:01:12 : Inserting entity with GID (0000000400000026).
2025. 06. 18. 23:01:12 : Inserting entity with GID (0000000500000031).
2025. 06. 18. 23:01:12 : Inserting entity with GID (0000000500000032).
2025. 06. 18. 23:01:12 : Inserting entity with GID (0000000500000033).
2025. 06. 18. 23:01:12 : Inserting entity with GID (0000000600000031).
2025. 06. 18. 23:01:12 : Inserting entity with GID (0000000600000032).
2025. 06. 18. 23:01:12 : Inserting entity with GID (0000000600000033).
2025. 06. 18. 23:01:12 : Inserting entity with GID (000000010000003a).
2025. 06. 18. 23:01:12 : Inserting entity with GID (000000010000003b).
2025. 06. 18. 23:01:12 : Inserting entity with GID (000000010000003c).
2025. 06. 18. 23:01:12 : Inserting entity with GID (000000020000004d).
2025. 06. 18. 23:01:12 : Inserting entity with GID (000000020000004e).
2025. 06. 18. 23:01:12 : Inserting entity with GID (000000020000004f).
2025. 06. 18. 23:01:12 : Inserting entity with GID (0000000200000050).
2025. 06. 18. 23:01:12 : Inserting entity with GID (000000030000004d).
2025. 06. 18. 23:01:12 : Inserting entity with GID (000000030000004e).
2025. 06. 18. 23:01:12 : Inserting entity with GID (000000030000004f).
2025. 06. 18. 23:01:12 : Inserting entity with GID (0000000300000050).
2025. 06. 18. 23:01:12 : Inserting entity with GID (0000000400000027).
2025. 06. 18. 23:01:12 : Inserting entity with GID (0000000400000028).
2025. 06. 18. 23:01:12 : Inserting entity with GID (0000000500000034).
2025. 06. 18. 23:01:12 : Inserting entity with GID (0000000500000035).
2025. 06. 18. 23:01:12 : Inserting entity with GID (0000000500000036).
2025. 06. 18. 23:01:12 : Inserting entity with GID (0000000600000034).
2025. 06. 18. 23:01:12 : Inserting entity with GID (0000000600000035).
2025. 06. 18. 23:01:12 : Inserting entity with GID (0000000600000036).
2025. 06. 18. 23:01:12 : Inserting entity with GID (000000010000003d).
2025. 06. 18. 23:01:12 : Inserting entity with GID (000000010000003e).
2025. 06. 18. 23:01:12 : Inserting entity with GID (000000010000003f).
2025. 06. 18. 23:01:12 : Inserting entity with GID (0000000200000051).
2025. 06. 18. 23:01:12 : Inserting entity with GID (0000000200000052).
2025. 06. 18. 23:01:12 : Inserting entity with GID (0000000200000053).
2025. 06. 18. 23:01:12 : Inserting entity with GID (0000000200000054).
2025. 06. 18. 23:01:12 : Inserting entity with GID (0000000300000051).
2025. 06. 18. 23:01:12 : Inserting entity with GID (0000000300000052).
2025. 06. 18. 23:01:12 : Inserting entity with GID (0000000300000053).
2025. 06. 18. 23:01:12 : Inserting entity with GID (0000000300000054).
2025. 06. 18. 23:01:12 : Inserting entity with GID (0000000400000029).
2025. 06. 18. 23:01:12 : Inserting entity with GID (000000040000002a).
2025. 06. 18. 23:01:12 : Inserting entity with GID (0000000500000037).
2025. 06. 18. 23:01:12 : Inserting entity with GID (0000000500000038).
2025. 06. 18. 23:01:12 : Inserting entity with GID (0000000500000039).
2025. 06. 18. 23:01:12 : Inserting entity with GID (0000000600000037).
2025. 06. 18. 23:01:12 : Inserting entity with GID (0000000600000038).
2025. 06. 18. 23:01:12 : Inserting entity with GID (0000000600000039).
2025. 06. 18. 23:01:12 : Inserting entity with GID (0000000100000040).
2025. 06. 18. 23:01:12 : Inserting entity with GID (0000000100000041).
2025. 06. 18. 23:01:12 : Inserting entity with GID (0000000100000042).
2025. 06. 18. 23:01:12 : Inserting entity with GID (0000000200000055).
2025. 06. 18. 23:01:12 : Inserting entity with GID (0000000200000056).
2025. 06. 18. 23:01:12 : Inserting entity with GID (0000000200000057).
2025. 06. 18. 23:01:12 : Inserting entity with GID (0000000200000058).
2025. 06. 18. 23:01:12 : Inserting entity with GID (0000000300000055).
2025. 06. 18. 23:01:12 : Inserting entity with GID (0000000300000056).
2025. 06. 18. 23:01:12 : Inserting entity with GID (0000000300000057).
2025. 06. 18. 23:01:12 : Inserting entity with GID (0000000300000058).
2025. 06. 18. 23:01:12 : Inserting entity with GID (000000040000002b).
2025. 06. 18. 23:01:12 : Inserting entity with GID (000000040000002c).
2025. 06. 18. 23:01:12 : Inserting entity with GID (000000050000003a).
2025. 06. 18. 23:01:12 : Inserting entity with GID (000000050000003b).
2025. 06. 18. 23:01:12 : Inserting entity with GID (000000050000003c).
2025. 06. 18. 23:01:12 : Inserting entity with GID (000000060000003a).
2025. 06. 18. 23:01:12 : Inserting entity with GID (000000060000003b).
2025. 06. 18. 23:01:12 : Inserting entity with GID (000000060000003c).
2025. 06. 18. 23:01:12 : Inserting entity with GID (0000000100000043).
2025. 06. 18. 23:01:12 : Inserting entity with GID (0000000100000044).
2025. 06. 18. 23:01:12 : Inserting entity with GID (0000000100000045).
2025. 06. 18. 23:01:12 : Inserting entity with GID (0000000200000059).
2025. 06. 18. 23:01:12 : Inserting entity with GID (000000020000005a).
2025. 06. 18. 23:01:12 : Inserting entity with GID (000000020000005b).
2025. 06. 18. 23:01:12 : Inserting entity with GID (000000020000005c).
2025. 06. 18. 23:01:12 : Inserting entity with GID (0000000300000059).
2025. 06. 18. 23:01:12 : Inserting entity with GID (000000030000005a).
2025. 06. 18. 23:01:12 : Inserting entity with GID (000000030000005b).
2025. 06. 18. 23:01:12 : Inserting entity with GID (000000030000005c).
2025. 06. 18. 23:01:12 : Inserting entity with GID (000000040000002d).
2025. 06. 18. 23:01:12 : Inserting entity with GID (000000040000002e).
2025. 06. 18. 23:01:12 : Inserting entity with GID (000000050000003d).
2025. 06. 18. 23:01:12 : Inserting entity with GID (000000050000003e).
2025. 06. 18. 23:01:12 : Inserting entity with GID (000000050000003f).
2025. 06. 18. 23:01:12 : Inserting entity with GID (000000060000003d).
2025. 06. 18. 23:01:12 : Inserting entity with GID (000000060000003e).
2025. 06. 18. 23:01:12 : Inserting entity with GID (000000060000003f).
2025. 06. 18. 23:01:12 : Inserting entity with GID (0000000100000046).
2025. 06. 18. 23:01:12 : Inserting entity with GID (0000000100000047).
2025. 06. 18. 23:01:12 : Inserting entity with GID (0000000100000048).
2025. 06. 18. 23:01:12 : Inserting entity with GID (000000020000005d).
2025. 06. 18. 23:01:12 : Inserting entity with GID (000000020000005e).
2025. 06. 18. 23:01:12 : Inserting entity with GID (000000020000005f).
2025. 06. 18. 23:01:12 : Inserting entity with GID (0000000200000060).
2025. 06. 18. 23:01:12 : Inserting entity with GID (000000030000005d).
2025. 06. 18. 23:01:12 : Inserting entity with GID (000000030000005e).
2025. 06. 18. 23:01:12 : Inserting entity with GID (000000030000005f).
2025. 06. 18. 23:01:12 : Inserting entity with GID (0000000300000060).
2025. 06. 18. 23:01:12 : Inserting entity with GID (000000040000002f).
2025. 06. 18. 23:01:12 : Inserting entity with GID (0000000400000030).
2025. 06. 18. 23:01:12 : Inserting entity with GID (0000000500000040).
2025. 06. 18. 23:01:12 : Inserting entity with GID (0000000500000041).
2025. 06. 18. 23:01:12 : Inserting entity with GID (0000000500000042).
2025. 06. 18. 23:01:12 : Inserting entity with GID (0000000600000040).
2025. 06. 18. 23:01:12 : Inserting entity with GID (0000000600000041).
2025. 06. 18. 23:01:12 : Inserting entity with GID (0000000600000042).
2025. 06. 18. 23:01:12 : Inserting entity with GID (0000000100000049).
2025. 06. 18. 23:01:12 : Inserting entity with GID (000000010000004a).
2025. 06. 18. 23:01:12 : Inserting entity with GID (000000010000004b).
2025. 06. 18. 23:01:12 : Inserting entity with GID (0000000200000061).
2025. 06. 18. 23:01:12 : Inserting entity with GID (0000000200000062).
2025. 06. 18. 23:01:12 : Inserting entity with GID (0000000200000063).
2025. 06. 18. 23:01:12 : Inserting entity with GID (0000000200000064).
2025. 06. 18. 23:01:12 : Inserting entity with GID (0000000300000061).
2025. 06. 18. 23:01:12 : Inserting entity with GID (0000000300000062).
2025. 06. 18. 23:01:12 : Inserting entity with GID (0000000300000063).
2025. 06. 18. 23:01:12 : Inserting entity with GID (0000000300000064).
2025. 06. 18. 23:01:12 : Inserting entity with GID (0000000400000031).
2025. 06. 18. 23:01:12 : Inserting entity with GID (0000000400000032).
2025. 06. 18. 23:01:12 : Inserting entity with GID (0000000500000043).
2025. 06. 18. 23:01:12 : Inserting entity with GID (0000000500000044).
2025. 06. 18. 23:01:12 : Inserting entity with GID (0000000500000045).
2025. 06. 18. 23:01:12 : Inserting entity with GID (0000000600000043).
2025. 06. 18. 23:01:12 : Inserting entity with GID (0000000600000044).
2025. 06. 18. 23:01:12 : Inserting entity with GID (0000000600000045).
2025. 06. 18. 23:01:12 : Inserting entity with GID (000000010000004c).
2025. 06. 18. 23:01:12 : Inserting entity with GID (000000010000004d).
2025. 06. 18. 23:01:12 : Inserting entity with GID (000000010000004e).
2025. 06. 18. 23:01:12 : Inserting entity with GID (0000000200000065).
2025. 06. 18. 23:01:12 : Inserting entity with GID (0000000200000066).
2025. 06. 18. 23:01:12 : Inserting entity with GID (0000000200000067).
2025. 06. 18. 23:01:12 : Inserting entity with GID (0000000200000068).
2025. 06. 18. 23:01:12 : Inserting entity with GID (0000000300000065).
2025. 06. 18. 23:01:12 : Inserting entity with GID (0000000300000066).
2025. 06. 18. 23:01:12 : Inserting entity with GID (0000000300000067).
2025. 06. 18. 23:01:12 : Inserting entity with GID (0000000300000068).
2025. 06. 18. 23:01:12 : Inserting entity with GID (0000000400000033).
2025. 06. 18. 23:01:12 : Inserting entity with GID (0000000400000034).
2025. 06. 18. 23:01:12 : Inserting entity with GID (0000000500000046).
2025. 06. 18. 23:01:12 : Inserting entity with GID (0000000500000047).
2025. 06. 18. 23:01:12 : Inserting entity with GID (0000000500000048).
2025. 06. 18. 23:01:12 : Inserting entity with GID (0000000600000046).
2025. 06. 18. 23:01:12 : Inserting entity with GID (0000000600000047).
2025. 06. 18. 23:01:12 : Inserting entity with GID (0000000600000048).
2025. 06. 18. 23:01:12 : Inserting entity with GID (000000010000004f).
2025. 06. 18. 23:01:12 : Inserting entity with GID (0000000100000050).
2025. 06. 18. 23:01:12 : Inserting entity with GID (0000000100000051).
2025. 06. 18. 23:01:12 : Inserting entity with GID (0000000200000069).
2025. 06. 18. 23:01:12 : Inserting entity with GID (000000020000006a).
2025. 06. 18. 23:01:12 : Inserting entity with GID (000000020000006b).
2025. 06. 18. 23:01:12 : Inserting entity with GID (000000020000006c).
2025. 06. 18. 23:01:12 : Inserting entity with GID (0000000300000069).
2025. 06. 18. 23:01:12 : Inserting entity with GID (000000030000006a).
2025. 06. 18. 23:01:12 : Inserting entity with GID (000000030000006b).
2025. 06. 18. 23:01:12 : Inserting entity with GID (000000030000006c).
2025. 06. 18. 23:01:12 : Inserting entity with GID (0000000400000035).
2025. 06. 18. 23:01:12 : Inserting entity with GID (0000000400000036).
2025. 06. 18. 23:01:12 : Inserting entity with GID (0000000500000049).
2025. 06. 18. 23:01:12 : Inserting entity with GID (000000050000004a).
2025. 06. 18. 23:01:12 : Inserting entity with GID (000000050000004b).
2025. 06. 18. 23:01:12 : Inserting entity with GID (0000000600000049).
2025. 06. 18. 23:01:12 : Inserting entity with GID (000000060000004a).
2025. 06. 18. 23:01:12 : Inserting entity with GID (000000060000004b).
2025. 06. 18. 23:01:12 : Inserting entity with GID (0000000100000052).
2025. 06. 18. 23:01:12 : Inserting entity with GID (0000000100000053).
2025. 06. 18. 23:01:12 : Inserting entity with GID (0000000100000054).
2025. 06. 18. 23:01:12 : Inserting entity with GID (000000020000006d).
2025. 06. 18. 23:01:12 : Inserting entity with GID (000000020000006e).
2025. 06. 18. 23:01:12 : Inserting entity with GID (000000020000006f).
2025. 06. 18. 23:01:12 : Inserting entity with GID (0000000200000070).
2025. 06. 18. 23:01:12 : Inserting entity with GID (000000030000006d).
2025. 06. 18. 23:01:12 : Inserting entity with GID (000000030000006e).
2025. 06. 18. 23:01:12 : Inserting entity with GID (000000030000006f).
2025. 06. 18. 23:01:12 : Inserting entity with GID (0000000300000070).
2025. 06. 18. 23:01:12 : Inserting entity with GID (0000000400000037).
2025. 06. 18. 23:01:12 : Inserting entity with GID (0000000400000038).
2025. 06. 18. 23:01:12 : Inserting entity with GID (000000050000004c).
2025. 06. 18. 23:01:12 : Inserting entity with GID (000000050000004d).
2025. 06. 18. 23:01:12 : Inserting entity with GID (000000050000004e).
2025. 06. 18. 23:01:12 : Inserting entity with GID (000000060000004c).
2025. 06. 18. 23:01:12 : Inserting entity with GID (000000060000004d).
2025. 06. 18. 23:01:12 : Inserting entity with GID (000000060000004e).
2025. 06. 18. 23:01:12 : Inserting entity with GID (0000000100000055).
2025. 06. 18. 23:01:12 : Inserting entity with GID (0000000100000056).
2025. 06. 18. 23:01:12 : Inserting entity with GID (0000000100000057).
2025. 06. 18. 23:01:12 : Inserting entity with GID (0000000200000071).
2025. 06. 18. 23:01:12 : Inserting entity with GID (0000000200000072).
2025. 06. 18. 23:01:12 : Inserting entity with GID (0000000200000073).
2025. 06. 18. 23:01:12 : Inserting entity with GID (0000000200000074).
2025. 06. 18. 23:01:12 : Inserting entity with GID (0000000300000071).
2025. 06. 18. 23:01:12 : Inserting entity with GID (0000000300000072).
2025. 06. 18. 23:01:12 : Inserting entity with GID (0000000300000073).
2025. 06. 18. 23:01:12 : Inserting entity with GID (0000000300000074).
2025. 06. 18. 23:01:12 : Inserting entity with GID (0000000400000039).
2025. 06. 18. 23:01:12 : Inserting entity with GID (000000040000003a).
2025. 06. 18. 23:01:12 : Inserting entity with GID (000000050000004f).
2025. 06. 18. 23:01:12 : Inserting entity with GID (0000000500000050).
2025. 06. 18. 23:01:12 : Inserting entity with GID (0000000500000051).
2025. 06. 18. 23:01:12 : Inserting entity with GID (000000060000004f).
2025. 06. 18. 23:01:12 : Inserting entity with GID (0000000600000050).
2025. 06. 18. 23:01:12 : Inserting entity with GID (0000000600000051).
2025. 06. 18. 23:01:12 : Inserting entity with GID (0000000100000058).
2025. 06. 18. 23:01:12 : Inserting entity with GID (0000000100000059).
2025. 06. 18. 23:01:12 : Inserting entity with GID (000000010000005a).
2025. 06. 18. 23:01:12 : Inserting entity with GID (0000000200000075).
2025. 06. 18. 23:01:12 : Inserting entity with GID (0000000200000076).
2025. 06. 18. 23:01:12 : Inserting entity with GID (0000000200000077).
2025. 06. 18. 23:01:12 : Inserting entity with GID (0000000200000078).
2025. 06. 18. 23:01:12 : Inserting entity with GID (0000000300000075).
2025. 06. 18. 23:01:12 : Inserting entity with GID (0000000300000076).
2025. 06. 18. 23:01:12 : Inserting entity with GID (0000000300000077).
2025. 06. 18. 23:01:12 : Inserting entity with GID (0000000300000078).
2025. 06. 18. 23:01:12 : Inserting entity with GID (000000040000003b).
2025. 06. 18. 23:01:12 : Inserting entity with GID (000000040000003c).
2025. 06. 18. 23:01:12 : Inserting entity with GID (0000000500000052).
2025. 06. 18. 23:01:12 : Inserting entity with GID (0000000500000053).
2025. 06. 18. 23:01:12 : Inserting entity with GID (0000000500000054).
2025. 06. 18. 23:01:12 : Inserting entity with GID (0000000600000052).
2025. 06. 18. 23:01:12 : Inserting entity with GID (0000000600000053).
2025. 06. 18. 23:01:12 : Inserting entity with GID (0000000600000054).
2025. 06. 18. 23:01:12 : Inserting entity with GID (000000010000005b).
2025. 06. 18. 23:01:12 : Inserting entity with GID (000000010000005c).
2025. 06. 18. 23:01:12 : Inserting entity with GID (000000010000005d).
2025. 06. 18. 23:01:12 : Inserting entity with GID (0000000200000079).
2025. 06. 18. 23:01:12 : Inserting entity with GID (000000020000007a).
2025. 06. 18. 23:01:12 : Inserting entity with GID (000000020000007b).
2025. 06. 18. 23:01:12 : Inserting entity with GID (000000020000007c).
2025. 06. 18. 23:01:12 : Inserting entity with GID (0000000300000079).
2025. 06. 18. 23:01:12 : Inserting entity with GID (000000030000007a).
2025. 06. 18. 23:01:12 : Inserting entity with GID (000000030000007b).
2025. 06. 18. 23:01:12 : Inserting entity with GID (000000030000007c).
2025. 06. 18. 23:01:12 : Inserting entity with GID (000000040000003d).
2025. 06. 18. 23:01:12 : Inserting entity with GID (000000040000003e).
2025. 06. 18. 23:01:12 : Inserting entity with GID (0000000500000055).
2025. 06. 18. 23:01:12 : Inserting entity with GID (0000000500000056).
2025. 06. 18. 23:01:12 : Inserting entity with GID (0000000500000057).
2025. 06. 18. 23:01:12 : Inserting entity with GID (0000000600000055).
2025. 06. 18. 23:01:12 : Inserting entity with GID (0000000600000056).
2025. 06. 18. 23:01:12 : Inserting entity with GID (0000000600000057).
2025. 06. 18. 23:01:12 : Inserting entity with GID (000000010000005e).
2025. 06. 18. 23:01:12 : Inserting entity with GID (000000010000005f).
2025. 06. 18. 23:01:12 : Inserting entity with GID (0000000100000060).
2025. 06. 18. 23:01:12 : Inserting entity with GID (000000020000007d).
2025. 06. 18. 23:01:12 : Inserting entity with GID (000000020000007e).
2025. 06. 18. 23:01:12 : Inserting entity with GID (000000020000007f).
2025. 06. 18. 23:01:12 : Inserting entity with GID (0000000200000080).
2025. 06. 18. 23:01:12 : Inserting entity with GID (000000030000007d).
2025. 06. 18. 23:01:12 : Inserting entity with GID (000000030000007e).
2025. 06. 18. 23:01:12 : Inserting entity with GID (000000030000007f).
2025. 06. 18. 23:01:12 : Inserting entity with GID (0000000300000080).
2025. 06. 18. 23:01:12 : Inserting entity with GID (000000040000003f).
2025. 06. 18. 23:01:12 : Inserting entity with GID (0000000400000040).
2025. 06. 18. 23:01:12 : Inserting entity with GID (0000000500000058).
2025. 06. 18. 23:01:12 : Inserting entity with GID (0000000500000059).
2025. 06. 18. 23:01:12 : Inserting entity with GID (000000050000005a).
2025. 06. 18. 23:01:12 : Inserting entity with GID (0000000600000058).
2025. 06. 18. 23:01:12 : Inserting entity with GID (0000000600000059).
2025. 06. 18. 23:01:12 : Inserting entity with GID (000000060000005a).
2025. 06. 18. 23:01:12 : Inserting entity with GID (0000000100000061).
2025. 06. 18. 23:01:12 : Inserting entity with GID (0000000100000062).
2025. 06. 18. 23:01:12 : Inserting entity with GID (0000000100000063).
2025. 06. 18. 23:01:12 : Inserting entity with GID (0000000200000081).
2025. 06. 18. 23:01:12 : Inserting entity with GID (0000000200000082).
2025. 06. 18. 23:01:12 : Inserting entity with GID (0000000200000083).
2025. 06. 18. 23:01:12 : Inserting entity with GID (0000000200000084).
2025. 06. 18. 23:01:12 : Inserting entity with GID (0000000300000081).
2025. 06. 18. 23:01:12 : Inserting entity with GID (0000000300000082).
2025. 06. 18. 23:01:12 : Inserting entity with GID (0000000300000083).
2025. 06. 18. 23:01:12 : Inserting entity with GID (0000000300000084).
2025. 06. 18. 23:01:12 : Inserting entity with GID (0000000400000041).
2025. 06. 18. 23:01:12 : Inserting entity with GID (0000000400000042).
2025. 06. 18. 23:01:12 : Inserting entity with GID (000000050000005b).
2025. 06. 18. 23:01:12 : Inserting entity with GID (000000050000005c).
2025. 06. 18. 23:01:12 : Inserting entity with GID (000000050000005d).
2025. 06. 18. 23:01:12 : Inserting entity with GID (000000060000005b).
2025. 06. 18. 23:01:12 : Inserting entity with GID (000000060000005c).
2025. 06. 18. 23:01:12 : Inserting entity with GID (000000060000005d).
2025. 06. 18. 23:01:12 : Inserting entity with GID (0000000100000064).
2025. 06. 18. 23:01:12 : Inserting entity with GID (0000000100000065).
2025. 06. 18. 23:01:12 : Inserting entity with GID (0000000100000066).
2025. 06. 18. 23:01:12 : Inserting entity with GID (0000000200000085).
2025. 06. 18. 23:01:12 : Inserting entity with GID (0000000200000086).
2025. 06. 18. 23:01:12 : Inserting entity with GID (0000000200000087).
2025. 06. 18. 23:01:12 : Inserting entity with GID (0000000200000088).
2025. 06. 18. 23:01:12 : Inserting entity with GID (0000000300000085).
2025. 06. 18. 23:01:12 : Inserting entity with GID (0000000300000086).
2025. 06. 18. 23:01:12 : Inserting entity with GID (0000000300000087).
2025. 06. 18. 23:01:12 : Inserting entity with GID (0000000300000088).
2025. 06. 18. 23:01:12 : Inserting entity with GID (0000000400000043).
2025. 06. 18. 23:01:12 : Inserting entity with GID (0000000400000044).
2025. 06. 18. 23:01:12 : Inserting entity with GID (000000050000005e).
2025. 06. 18. 23:01:12 : Inserting entity with GID (000000050000005f).
2025. 06. 18. 23:01:12 : Inserting entity with GID (0000000500000060).
2025. 06. 18. 23:01:12 : Inserting entity with GID (000000060000005e).
2025. 06. 18. 23:01:12 : Inserting entity with GID (000000060000005f).
2025. 06. 18. 23:01:12 : Inserting entity with GID (0000000600000060).
2025. 06. 18. 23:01:12 : Inserting entity with GID (0000000100000067).
2025. 06. 18. 23:01:12 : Inserting entity with GID (0000000100000068).
2025. 06. 18. 23:01:12 : Inserting entity with GID (0000000100000069).
2025. 06. 18. 23:01:12 : Inserting entity with GID (0000000200000089).
2025. 06. 18. 23:01:12 : Inserting entity with GID (000000020000008a).
2025. 06. 18. 23:01:12 : Inserting entity with GID (000000020000008b).
2025. 06. 18. 23:01:12 : Inserting entity with GID (000000020000008c).
2025. 06. 18. 23:01:12 : Inserting entity with GID (0000000300000089).
2025. 06. 18. 23:01:12 : Inserting entity with GID (000000030000008a).
2025. 06. 18. 23:01:12 : Inserting entity with GID (000000030000008b).
2025. 06. 18. 23:01:12 : Inserting entity with GID (000000030000008c).
2025. 06. 18. 23:01:12 : Inserting entity with GID (0000000400000045).
2025. 06. 18. 23:01:12 : Inserting entity with GID (0000000400000046).
2025. 06. 18. 23:01:12 : Inserting entity with GID (0000000500000061).
2025. 06. 18. 23:01:12 : Inserting entity with GID (0000000500000062).
2025. 06. 18. 23:01:12 : Inserting entity with GID (0000000500000063).
2025. 06. 18. 23:01:12 : Inserting entity with GID (0000000600000061).
2025. 06. 18. 23:01:12 : Inserting entity with GID (0000000600000062).
2025. 06. 18. 23:01:12 : Inserting entity with GID (0000000600000063).
2025. 06. 18. 23:01:12 : Inserting entity with GID (000000010000006a).
2025. 06. 18. 23:01:12 : Inserting entity with GID (000000010000006b).
2025. 06. 18. 23:01:12 : Inserting entity with GID (000000010000006c).
2025. 06. 18. 23:01:12 : Inserting entity with GID (000000020000008d).
2025. 06. 18. 23:01:12 : Inserting entity with GID (000000020000008e).
2025. 06. 18. 23:01:12 : Inserting entity with GID (000000020000008f).
2025. 06. 18. 23:01:12 : Inserting entity with GID (0000000200000090).
2025. 06. 18. 23:01:12 : Inserting entity with GID (000000030000008d).
2025. 06. 18. 23:01:12 : Inserting entity with GID (000000030000008e).
2025. 06. 18. 23:01:12 : Inserting entity with GID (000000030000008f).
2025. 06. 18. 23:01:12 : Inserting entity with GID (0000000300000090).
2025. 06. 18. 23:01:12 : Inserting entity with GID (0000000400000047).
2025. 06. 18. 23:01:12 : Inserting entity with GID (0000000400000048).
2025. 06. 18. 23:01:12 : Inserting entity with GID (0000000500000064).
2025. 06. 18. 23:01:12 : Inserting entity with GID (0000000500000065).
2025. 06. 18. 23:01:12 : Inserting entity with GID (0000000500000066).
2025. 06. 18. 23:01:12 : Inserting entity with GID (0000000600000064).
2025. 06. 18. 23:01:12 : Inserting entity with GID (0000000600000065).
2025. 06. 18. 23:01:12 : Inserting entity with GID (0000000600000066).
2025. 06. 18. 23:01:12 : Inserting entity with GID (000000010000006d).
2025. 06. 18. 23:01:12 : Inserting entity with GID (000000010000006e).
2025. 06. 18. 23:01:12 : Inserting entity with GID (000000010000006f).
2025. 06. 18. 23:01:12 : Inserting entity with GID (0000000200000091).
2025. 06. 18. 23:01:12 : Inserting entity with GID (0000000200000092).
2025. 06. 18. 23:01:12 : Inserting entity with GID (0000000200000093).
2025. 06. 18. 23:01:12 : Inserting entity with GID (0000000200000094).
2025. 06. 18. 23:01:12 : Inserting entity with GID (0000000300000091).
2025. 06. 18. 23:01:12 : Inserting entity with GID (0000000300000092).
2025. 06. 18. 23:01:12 : Inserting entity with GID (0000000300000093).
2025. 06. 18. 23:01:12 : Inserting entity with GID (0000000300000094).
2025. 06. 18. 23:01:12 : Inserting entity with GID (0000000400000049).
2025. 06. 18. 23:01:12 : Inserting entity with GID (000000040000004a).
2025. 06. 18. 23:01:12 : Inserting entity with GID (0000000500000067).
2025. 06. 18. 23:01:12 : Inserting entity with GID (0000000500000068).
2025. 06. 18. 23:01:12 : Inserting entity with GID (0000000500000069).
2025. 06. 18. 23:01:12 : Inserting entity with GID (0000000600000067).
2025. 06. 18. 23:01:12 : Inserting entity with GID (0000000600000068).
2025. 06. 18. 23:01:12 : Inserting entity with GID (0000000600000069).
2025. 06. 18. 23:01:12 : Inserting entity with GID (0000000100000070).
2025. 06. 18. 23:01:12 : Inserting entity with GID (0000000100000071).
2025. 06. 18. 23:01:12 : Inserting entity with GID (0000000100000072).
2025. 06. 18. 23:01:12 : Inserting entity with GID (0000000200000095).
2025. 06. 18. 23:01:12 : Inserting entity with GID (0000000200000096).
2025. 06. 18. 23:01:12 : Inserting entity with GID (0000000200000097).
2025. 06. 18. 23:01:12 : Inserting entity with GID (0000000200000098).
2025. 06. 18. 23:01:12 : Inserting entity with GID (0000000300000095).
2025. 06. 18. 23:01:12 : Inserting entity with GID (0000000300000096).
2025. 06. 18. 23:01:12 : Inserting entity with GID (0000000300000097).
2025. 06. 18. 23:01:12 : Inserting entity with GID (0000000300000098).
2025. 06. 18. 23:01:12 : Inserting entity with GID (000000040000004b).
2025. 06. 18. 23:01:12 : Inserting entity with GID (000000040000004c).
2025. 06. 18. 23:01:12 : Inserting entity with GID (000000050000006a).
2025. 06. 18. 23:01:12 : Inserting entity with GID (000000050000006b).
2025. 06. 18. 23:01:12 : Inserting entity with GID (000000050000006c).
2025. 06. 18. 23:01:12 : Inserting entity with GID (000000060000006a).
2025. 06. 18. 23:01:12 : Inserting entity with GID (000000060000006b).
2025. 06. 18. 23:01:12 : Inserting entity with GID (000000060000006c).
2025. 06. 18. 23:01:12 : Inserting entity with GID (0000000100000073).
2025. 06. 18. 23:01:12 : Inserting entity with GID (0000000100000074).
2025. 06. 18. 23:01:12 : Inserting entity with GID (0000000100000075).
2025. 06. 18. 23:01:12 : Inserting entity with GID (0000000200000099).
2025. 06. 18. 23:01:12 : Inserting entity with GID (000000020000009a).
2025. 06. 18. 23:01:12 : Inserting entity with GID (000000020000009b).
2025. 06. 18. 23:01:12 : Inserting entity with GID (000000020000009c).
2025. 06. 18. 23:01:12 : Inserting entity with GID (0000000300000099).
2025. 06. 18. 23:01:12 : Inserting entity with GID (000000030000009a).
2025. 06. 18. 23:01:12 : Inserting entity with GID (000000030000009b).
2025. 06. 18. 23:01:12 : Inserting entity with GID (000000030000009c).
2025. 06. 18. 23:01:12 : Inserting entity with GID (000000040000004d).
2025. 06. 18. 23:01:12 : Inserting entity with GID (000000040000004e).
2025. 06. 18. 23:01:12 : Inserting entity with GID (000000050000006d).
2025. 06. 18. 23:01:12 : Inserting entity with GID (000000050000006e).
2025. 06. 18. 23:01:12 : Inserting entity with GID (000000050000006f).
2025. 06. 18. 23:01:12 : Inserting entity with GID (000000060000006d).
2025. 06. 18. 23:01:12 : Inserting entity with GID (000000060000006e).
2025. 06. 18. 23:01:12 : Inserting entity with GID (000000060000006f).
2025. 06. 18. 23:01:12 : Inserting entity with GID (0000000100000076).
2025. 06. 18. 23:01:12 : Inserting entity with GID (0000000100000077).
2025. 06. 18. 23:01:12 : Inserting entity with GID (0000000100000078).
2025. 06. 18. 23:01:12 : Inserting entity with GID (000000020000009d).
2025. 06. 18. 23:01:12 : Inserting entity with GID (000000020000009e).
2025. 06. 18. 23:01:12 : Inserting entity with GID (000000020000009f).
2025. 06. 18. 23:01:12 : Inserting entity with GID (00000002000000a0).
2025. 06. 18. 23:01:12 : Inserting entity with GID (000000030000009d).
2025. 06. 18. 23:01:12 : Inserting entity with GID (000000030000009e).
2025. 06. 18. 23:01:12 : Inserting entity with GID (000000030000009f).
2025. 06. 18. 23:01:12 : Inserting entity with GID (00000003000000a0).
2025. 06. 18. 23:01:12 : Inserting entity with GID (000000040000004f).
2025. 06. 18. 23:01:12 : Inserting entity with GID (0000000400000050).
2025. 06. 18. 23:01:12 : Inserting entity with GID (0000000500000070).
2025. 06. 18. 23:01:12 : Inserting entity with GID (0000000500000071).
2025. 06. 18. 23:01:12 : Inserting entity with GID (0000000500000072).
2025. 06. 18. 23:01:12 : Inserting entity with GID (0000000600000070).
2025. 06. 18. 23:01:12 : Inserting entity with GID (0000000600000071).
2025. 06. 18. 23:01:12 : Inserting entity with GID (0000000600000072).
2025. 06. 18. 23:01:12 : Inserting entity with GID (0000000100000079).
2025. 06. 18. 23:01:12 : Inserting entity with GID (000000010000007a).
2025. 06. 18. 23:01:12 : Inserting entity with GID (000000010000007b).
2025. 06. 18. 23:01:12 : Inserting entity with GID (00000002000000a1).
2025. 06. 18. 23:01:12 : Inserting entity with GID (00000002000000a2).
2025. 06. 18. 23:01:12 : Inserting entity with GID (00000002000000a3).
2025. 06. 18. 23:01:12 : Inserting entity with GID (00000002000000a4).
2025. 06. 18. 23:01:12 : Inserting entity with GID (00000003000000a1).
2025. 06. 18. 23:01:12 : Inserting entity with GID (00000003000000a2).
2025. 06. 18. 23:01:12 : Inserting entity with GID (00000003000000a3).
2025. 06. 18. 23:01:12 : Inserting entity with GID (00000003000000a4).
2025. 06. 18. 23:01:12 : Inserting entity with GID (0000000400000051).
2025. 06. 18. 23:01:12 : Inserting entity with GID (0000000400000052).
2025. 06. 18. 23:01:12 : Inserting entity with GID (0000000500000073).
2025. 06. 18. 23:01:12 : Inserting entity with GID (0000000500000074).
2025. 06. 18. 23:01:12 : Inserting entity with GID (0000000500000075).
2025. 06. 18. 23:01:12 : Inserting entity with GID (0000000600000073).
2025. 06. 18. 23:01:12 : Inserting entity with GID (0000000600000074).
2025. 06. 18. 23:01:12 : Inserting entity with GID (0000000600000075).
2025. 06. 18. 23:01:12 : Inserting entity with GID (000000010000007c).
2025. 06. 18. 23:01:12 : Inserting entity with GID (000000010000007d).
2025. 06. 18. 23:01:12 : Inserting entity with GID (000000010000007e).
2025. 06. 18. 23:01:12 : Inserting entity with GID (00000002000000a5).
2025. 06. 18. 23:01:12 : Inserting entity with GID (00000002000000a6).
2025. 06. 18. 23:01:12 : Inserting entity with GID (00000002000000a7).
2025. 06. 18. 23:01:12 : Inserting entity with GID (00000002000000a8).
2025. 06. 18. 23:01:12 : Inserting entity with GID (00000003000000a5).
2025. 06. 18. 23:01:12 : Inserting entity with GID (00000003000000a6).
2025. 06. 18. 23:01:12 : Inserting entity with GID (00000003000000a7).
2025. 06. 18. 23:01:12 : Inserting entity with GID (00000003000000a8).
2025. 06. 18. 23:01:12 : Inserting entity with GID (0000000400000053).
2025. 06. 18. 23:01:12 : Inserting entity with GID (0000000400000054).
2025. 06. 18. 23:01:12 : Inserting entity with GID (0000000500000076).
2025. 06. 18. 23:01:12 : Inserting entity with GID (0000000500000077).
2025. 06. 18. 23:01:12 : Inserting entity with GID (0000000500000078).
2025. 06. 18. 23:01:12 : Inserting entity with GID (0000000600000076).
2025. 06. 18. 23:01:12 : Inserting entity with GID (0000000600000077).
2025. 06. 18. 23:01:12 : Inserting entity with GID (0000000600000078).
2025. 06. 18. 23:01:12 : Inserting entity with GID (000000010000007f).
2025. 06. 18. 23:01:12 : Inserting entity with GID (0000000100000080).
2025. 06. 18. 23:01:12 : Inserting entity with GID (0000000100000081).
2025. 06. 18. 23:01:12 : Inserting entity with GID (00000002000000a9).
2025. 06. 18. 23:01:12 : Inserting entity with GID (00000002000000aa).
2025. 06. 18. 23:01:12 : Inserting entity with GID (00000002000000ab).
2025. 06. 18. 23:01:12 : Inserting entity with GID (00000002000000ac).
2025. 06. 18. 23:01:12 : Inserting entity with GID (00000003000000a9).
2025. 06. 18. 23:01:12 : Inserting entity with GID (00000003000000aa).
2025. 06. 18. 23:01:12 : Inserting entity with GID (00000003000000ab).
2025. 06. 18. 23:01:12 : Inserting entity with GID (00000003000000ac).
2025. 06. 18. 23:01:12 : Inserting entity with GID (0000000400000055).
2025. 06. 18. 23:01:12 : Inserting entity with GID (0000000400000056).
2025. 06. 18. 23:01:12 : Inserting entity with GID (0000000500000079).
2025. 06. 18. 23:01:12 : Inserting entity with GID (000000050000007a).
2025. 06. 18. 23:01:12 : Inserting entity with GID (000000050000007b).
2025. 06. 18. 23:01:12 : Inserting entity with GID (0000000600000079).
2025. 06. 18. 23:01:12 : Inserting entity with GID (000000060000007a).
2025. 06. 18. 23:01:12 : Inserting entity with GID (000000060000007b).
2025. 06. 18. 23:01:12 : Inserting entity with GID (0000000100000082).
2025. 06. 18. 23:01:12 : Inserting entity with GID (0000000100000083).
2025. 06. 18. 23:01:12 : Inserting entity with GID (0000000100000084).
2025. 06. 18. 23:01:12 : Inserting entity with GID (00000002000000ad).
2025. 06. 18. 23:01:12 : Inserting entity with GID (00000002000000ae).
2025. 06. 18. 23:01:12 : Inserting entity with GID (00000002000000af).
2025. 06. 18. 23:01:12 : Inserting entity with GID (00000002000000b0).
2025. 06. 18. 23:01:12 : Inserting entity with GID (00000003000000ad).
2025. 06. 18. 23:01:12 : Inserting entity with GID (00000003000000ae).
2025. 06. 18. 23:01:12 : Inserting entity with GID (00000003000000af).
2025. 06. 18. 23:01:12 : Inserting entity with GID (00000003000000b0).
2025. 06. 18. 23:01:12 : Inserting entity with GID (0000000400000057).
2025. 06. 18. 23:01:12 : Inserting entity with GID (0000000400000058).
2025. 06. 18. 23:01:12 : Inserting entity with GID (000000050000007c).
2025. 06. 18. 23:01:12 : Inserting entity with GID (000000050000007d).
2025. 06. 18. 23:01:12 : Inserting entity with GID (000000050000007e).
2025. 06. 18. 23:01:12 : Inserting entity with GID (000000060000007c).
2025. 06. 18. 23:01:12 : Inserting entity with GID (000000060000007d).
2025. 06. 18. 23:01:12 : Inserting entity with GID (000000060000007e).
2025. 06. 18. 23:01:12 : Inserting entity with GID (0000000100000085).
2025. 06. 18. 23:01:12 : Inserting entity with GID (0000000100000086).
2025. 06. 18. 23:01:12 : Inserting entity with GID (0000000100000087).
2025. 06. 18. 23:01:12 : Inserting entity with GID (00000002000000b1).
2025. 06. 18. 23:01:12 : Inserting entity with GID (00000002000000b2).
2025. 06. 18. 23:01:12 : Inserting entity with GID (00000002000000b3).
2025. 06. 18. 23:01:12 : Inserting entity with GID (00000002000000b4).
2025. 06. 18. 23:01:12 : Inserting entity with GID (00000003000000b1).
2025. 06. 18. 23:01:12 : Inserting entity with GID (00000003000000b2).
2025. 06. 18. 23:01:12 : Inserting entity with GID (00000003000000b3).
2025. 06. 18. 23:01:12 : Inserting entity with GID (00000003000000b4).
2025. 06. 18. 23:01:12 : Inserting entity with GID (0000000400000059).
2025. 06. 18. 23:01:12 : Inserting entity with GID (000000040000005a).
2025. 06. 18. 23:01:12 : Inserting entity with GID (000000050000007f).
2025. 06. 18. 23:01:12 : Inserting entity with GID (0000000500000080).
2025. 06. 18. 23:01:12 : Inserting entity with GID (0000000500000081).
2025. 06. 18. 23:01:12 : Inserting entity with GID (000000060000007f).
2025. 06. 18. 23:01:12 : Inserting entity with GID (0000000600000080).
2025. 06. 18. 23:01:12 : Inserting entity with GID (0000000600000081).
2025. 06. 18. 23:01:12 : Inserting entity with GID (0000000100000088).
2025. 06. 18. 23:01:12 : Inserting entity with GID (0000000100000089).
2025. 06. 18. 23:01:12 : Inserting entity with GID (000000010000008a).
2025. 06. 18. 23:01:12 : Inserting entity with GID (00000002000000b5).
2025. 06. 18. 23:01:12 : Inserting entity with GID (00000002000000b6).
2025. 06. 18. 23:01:12 : Inserting entity with GID (00000002000000b7).
2025. 06. 18. 23:01:12 : Inserting entity with GID (00000002000000b8).
2025. 06. 18. 23:01:12 : Inserting entity with GID (00000003000000b5).
2025. 06. 18. 23:01:12 : Inserting entity with GID (00000003000000b6).
2025. 06. 18. 23:01:12 : Inserting entity with GID (00000003000000b7).
2025. 06. 18. 23:01:12 : Inserting entity with GID (00000003000000b8).
2025. 06. 18. 23:01:12 : Inserting entity with GID (000000040000005b).
2025. 06. 18. 23:01:12 : Inserting entity with GID (000000040000005c).
2025. 06. 18. 23:01:12 : Inserting entity with GID (0000000500000082).
2025. 06. 18. 23:01:12 : Inserting entity with GID (0000000500000083).
2025. 06. 18. 23:01:12 : Inserting entity with GID (0000000500000084).
2025. 06. 18. 23:01:12 : Inserting entity with GID (0000000600000082).
2025. 06. 18. 23:01:12 : Inserting entity with GID (0000000600000083).
2025. 06. 18. 23:01:12 : Inserting entity with GID (0000000600000084).
2025. 06. 18. 23:01:12 : Inserting entity with GID (000000010000008b).
2025. 06. 18. 23:01:12 : Inserting entity with GID (000000010000008c).
2025. 06. 18. 23:01:12 : Inserting entity with GID (000000010000008d).
2025. 06. 18. 23:01:12 : Inserting entity with GID (00000002000000b9).
2025. 06. 18. 23:01:12 : Inserting entity with GID (00000002000000ba).
2025. 06. 18. 23:01:12 : Inserting entity with GID (00000002000000bb).
2025. 06. 18. 23:01:12 : Inserting entity with GID (00000002000000bc).
2025. 06. 18. 23:01:12 : Inserting entity with GID (00000003000000b9).
2025. 06. 18. 23:01:12 : Inserting entity with GID (00000003000000ba).
2025. 06. 18. 23:01:12 : Inserting entity with GID (00000003000000bb).
2025. 06. 18. 23:01:12 : Inserting entity with GID (00000003000000bc).
2025. 06. 18. 23:01:12 : Inserting entity with GID (000000040000005d).
2025. 06. 18. 23:01:12 : Inserting entity with GID (000000040000005e).
2025. 06. 18. 23:01:12 : Inserting entity with GID (0000000500000085).
2025. 06. 18. 23:01:12 : Inserting entity with GID (0000000500000086).
2025. 06. 18. 23:01:12 : Inserting entity with GID (0000000500000087).
2025. 06. 18. 23:01:12 : Inserting entity with GID (0000000600000085).
2025. 06. 18. 23:01:12 : Inserting entity with GID (0000000600000086).
2025. 06. 18. 23:01:12 : Inserting entity with GID (0000000600000087).
2025. 06. 18. 23:01:12 : Inserting entity with GID (000000010000008e).
2025. 06. 18. 23:01:12 : Inserting entity with GID (000000010000008f).
2025. 06. 18. 23:01:12 : Inserting entity with GID (0000000100000090).
2025. 06. 18. 23:01:12 : Inserting entity with GID (00000002000000bd).
2025. 06. 18. 23:01:12 : Inserting entity with GID (00000002000000be).
2025. 06. 18. 23:01:12 : Inserting entity with GID (00000002000000bf).
2025. 06. 18. 23:01:12 : Inserting entity with GID (00000002000000c0).
2025. 06. 18. 23:01:12 : Inserting entity with GID (00000003000000bd).
2025. 06. 18. 23:01:12 : Inserting entity with GID (00000003000000be).
2025. 06. 18. 23:01:12 : Inserting entity with GID (00000003000000bf).
2025. 06. 18. 23:01:12 : Inserting entity with GID (00000003000000c0).
2025. 06. 18. 23:01:12 : Inserting entity with GID (000000040000005f).
2025. 06. 18. 23:01:12 : Inserting entity with GID (0000000400000060).
2025. 06. 18. 23:01:12 : Inserting entity with GID (0000000500000088).
2025. 06. 18. 23:01:12 : Inserting entity with GID (0000000500000089).
2025. 06. 18. 23:01:12 : Inserting entity with GID (000000050000008a).
2025. 06. 18. 23:01:12 : Inserting entity with GID (0000000600000088).
2025. 06. 18. 23:01:12 : Inserting entity with GID (0000000600000089).
2025. 06. 18. 23:01:12 : Inserting entity with GID (000000060000008a).
2025. 06. 18. 23:01:12 : Inserting entity with GID (0000000100000091).
2025. 06. 18. 23:01:12 : Inserting entity with GID (0000000100000092).
2025. 06. 18. 23:01:12 : Inserting entity with GID (0000000100000093).
2025. 06. 18. 23:01:12 : Inserting entity with GID (00000002000000c1).
2025. 06. 18. 23:01:12 : Inserting entity with GID (00000002000000c2).
2025. 06. 18. 23:01:12 : Inserting entity with GID (00000002000000c3).
2025. 06. 18. 23:01:12 : Inserting entity with GID (00000002000000c4).
2025. 06. 18. 23:01:12 : Inserting entity with GID (00000003000000c1).
2025. 06. 18. 23:01:12 : Inserting entity with GID (00000003000000c2).
2025. 06. 18. 23:01:12 : Inserting entity with GID (00000003000000c3).
2025. 06. 18. 23:01:12 : Inserting entity with GID (00000003000000c4).
2025. 06. 18. 23:01:12 : Inserting entity with GID (0000000400000061).
2025. 06. 18. 23:01:12 : Inserting entity with GID (0000000400000062).
2025. 06. 18. 23:01:12 : Inserting entity with GID (000000050000008b).
2025. 06. 18. 23:01:12 : Inserting entity with GID (000000050000008c).
2025. 06. 18. 23:01:12 : Inserting entity with GID (000000050000008d).
2025. 06. 18. 23:01:12 : Inserting entity with GID (000000060000008b).
2025. 06. 18. 23:01:12 : Inserting entity with GID (000000060000008c).
2025. 06. 18. 23:01:12 : Inserting entity with GID (000000060000008d).
2025. 06. 18. 23:01:12 : Inserting entity with GID (0000000100000094).
2025. 06. 18. 23:01:12 : Inserting entity with GID (0000000100000095).
2025. 06. 18. 23:01:12 : Inserting entity with GID (0000000100000096).
2025. 06. 18. 23:01:12 : Inserting entity with GID (00000002000000c5).
2025. 06. 18. 23:01:12 : Inserting entity with GID (00000002000000c6).
2025. 06. 18. 23:01:12 : Inserting entity with GID (00000002000000c7).
2025. 06. 18. 23:01:12 : Inserting entity with GID (00000002000000c8).
2025. 06. 18. 23:01:12 : Inserting entity with GID (00000003000000c5).
2025. 06. 18. 23:01:12 : Inserting entity with GID (00000003000000c6).
2025. 06. 18. 23:01:12 : Inserting entity with GID (00000003000000c7).
2025. 06. 18. 23:01:12 : Inserting entity with GID (00000003000000c8).
2025. 06. 18. 23:01:12 : Inserting entity with GID (0000000400000063).
2025. 06. 18. 23:01:12 : Inserting entity with GID (0000000400000064).
2025. 06. 18. 23:01:12 : Inserting entity with GID (000000050000008e).
2025. 06. 18. 23:01:12 : Inserting entity with GID (000000050000008f).
2025. 06. 18. 23:01:12 : Inserting entity with GID (0000000500000090).
2025. 06. 18. 23:01:12 : Inserting entity with GID (000000060000008e).
2025. 06. 18. 23:01:12 : Inserting entity with GID (000000060000008f).
2025. 06. 18. 23:01:12 : Inserting entity with GID (0000000600000090).
2025. 06. 18. 23:01:12 : Inserting entity with GID (0000000100000097).
2025. 06. 18. 23:01:12 : Inserting entity with GID (0000000100000098).
2025. 06. 18. 23:01:12 : Inserting entity with GID (0000000100000099).
2025. 06. 18. 23:01:12 : Inserting entity with GID (00000002000000c9).
2025. 06. 18. 23:01:12 : Inserting entity with GID (00000002000000ca).
2025. 06. 18. 23:01:12 : Inserting entity with GID (00000002000000cb).
2025. 06. 18. 23:01:12 : Inserting entity with GID (00000002000000cc).
2025. 06. 18. 23:01:12 : Inserting entity with GID (00000003000000c9).
2025. 06. 18. 23:01:12 : Inserting entity with GID (00000003000000ca).
2025. 06. 18. 23:01:12 : Inserting entity with GID (00000003000000cb).
2025. 06. 18. 23:01:12 : Inserting entity with GID (00000003000000cc).
2025. 06. 18. 23:01:12 : Inserting entity with GID (0000000400000065).
2025. 06. 18. 23:01:12 : Inserting entity with GID (0000000400000066).
2025. 06. 18. 23:01:12 : Inserting entity with GID (0000000500000091).
2025. 06. 18. 23:01:12 : Inserting entity with GID (0000000500000092).
2025. 06. 18. 23:01:12 : Inserting entity with GID (0000000500000093).
2025. 06. 18. 23:01:12 : Inserting entity with GID (0000000600000091).
2025. 06. 18. 23:01:12 : Inserting entity with GID (0000000600000092).
2025. 06. 18. 23:01:12 : Inserting entity with GID (0000000600000093).
2025. 06. 18. 23:01:12 : Inserting entity with GID (000000010000009a).
2025. 06. 18. 23:01:12 : Inserting entity with GID (000000010000009b).
2025. 06. 18. 23:01:12 : Inserting entity with GID (000000010000009c).
2025. 06. 18. 23:01:12 : Inserting entity with GID (00000002000000cd).
2025. 06. 18. 23:01:12 : Inserting entity with GID (00000002000000ce).
2025. 06. 18. 23:01:12 : Inserting entity with GID (00000002000000cf).
2025. 06. 18. 23:01:12 : Inserting entity with GID (00000002000000d0).
2025. 06. 18. 23:01:12 : Inserting entity with GID (00000003000000cd).
2025. 06. 18. 23:01:12 : Inserting entity with GID (00000003000000ce).
2025. 06. 18. 23:01:12 : Inserting entity with GID (00000003000000cf).
2025. 06. 18. 23:01:12 : Inserting entity with GID (00000003000000d0).
2025. 06. 18. 23:01:12 : Inserting entity with GID (0000000400000067).
2025. 06. 18. 23:01:12 : Inserting entity with GID (0000000400000068).
2025. 06. 18. 23:01:12 : Inserting entity with GID (0000000500000094).
2025. 06. 18. 23:01:12 : Inserting entity with GID (0000000500000095).
2025. 06. 18. 23:01:12 : Inserting entity with GID (0000000500000096).
2025. 06. 18. 23:01:12 : Inserting entity with GID (0000000600000094).
2025. 06. 18. 23:01:12 : Inserting entity with GID (0000000600000095).
2025. 06. 18. 23:01:12 : Inserting entity with GID (0000000600000096).
2025. 06. 18. 23:01:12 : Inserting entity with GID (000000010000009d).
2025. 06. 18. 23:01:12 : Inserting entity with GID (000000010000009e).
2025. 06. 18. 23:01:12 : Inserting entity with GID (000000010000009f).
2025. 06. 18. 23:01:12 : Inserting entity with GID (00000002000000d1).
2025. 06. 18. 23:01:12 : Inserting entity with GID (00000002000000d2).
2025. 06. 18. 23:01:12 : Inserting entity with GID (00000002000000d3).
2025. 06. 18. 23:01:12 : Inserting entity with GID (00000002000000d4).
2025. 06. 18. 23:01:12 : Inserting entity with GID (00000003000000d1).
2025. 06. 18. 23:01:12 : Inserting entity with GID (00000003000000d2).
2025. 06. 18. 23:01:12 : Inserting entity with GID (00000003000000d3).
2025. 06. 18. 23:01:12 : Inserting entity with GID (00000003000000d4).
2025. 06. 18. 23:01:12 : Inserting entity with GID (0000000400000069).
2025. 06. 18. 23:01:12 : Inserting entity with GID (000000040000006a).
2025. 06. 18. 23:01:12 : Inserting entity with GID (0000000500000097).
2025. 06. 18. 23:01:12 : Inserting entity with GID (0000000500000098).
2025. 06. 18. 23:01:12 : Inserting entity with GID (0000000500000099).
2025. 06. 18. 23:01:12 : Inserting entity with GID (0000000600000097).
2025. 06. 18. 23:01:12 : Inserting entity with GID (0000000600000098).
2025. 06. 18. 23:01:12 : Inserting entity with GID (0000000600000099).
2025. 06. 18. 23:01:12 : Inserting entity with GID (00000001000000a0).
2025. 06. 18. 23:01:12 : Inserting entity with GID (00000001000000a1).
2025. 06. 18. 23:01:12 : Inserting entity with GID (00000001000000a2).
2025. 06. 18. 23:01:12 : Inserting entity with GID (00000002000000d5).
2025. 06. 18. 23:01:12 : Inserting entity with GID (00000002000000d6).
2025. 06. 18. 23:01:12 : Inserting entity with GID (00000002000000d7).
2025. 06. 18. 23:01:12 : Inserting entity with GID (00000002000000d8).
2025. 06. 18. 23:01:12 : Inserting entity with GID (00000003000000d5).
2025. 06. 18. 23:01:12 : Inserting entity with GID (00000003000000d6).
2025. 06. 18. 23:01:12 : Inserting entity with GID (00000003000000d7).
2025. 06. 18. 23:01:12 : Inserting entity with GID (00000003000000d8).
2025. 06. 18. 23:01:12 : Inserting entity with GID (000000040000006b).
2025. 06. 18. 23:01:12 : Inserting entity with GID (000000040000006c).
2025. 06. 18. 23:01:12 : Inserting entity with GID (000000050000009a).
2025. 06. 18. 23:01:12 : Inserting entity with GID (000000050000009b).
2025. 06. 18. 23:01:12 : Inserting entity with GID (000000050000009c).
2025. 06. 18. 23:01:12 : Inserting entity with GID (000000060000009a).
2025. 06. 18. 23:01:12 : Inserting entity with GID (000000060000009b).
2025. 06. 18. 23:01:12 : Inserting entity with GID (000000060000009c).
2025. 06. 18. 23:01:12 : Inserting entity with GID (00000001000000a3).
2025. 06. 18. 23:01:12 : Inserting entity with GID (00000001000000a4).
2025. 06. 18. 23:01:12 : Inserting entity with GID (00000001000000a5).
2025. 06. 18. 23:01:12 : Inserting entity with GID (00000002000000d9).
2025. 06. 18. 23:01:12 : Inserting entity with GID (00000002000000da).
2025. 06. 18. 23:01:12 : Inserting entity with GID (00000002000000db).
2025. 06. 18. 23:01:12 : Inserting entity with GID (00000002000000dc).
2025. 06. 18. 23:01:12 : Inserting entity with GID (00000003000000d9).
2025. 06. 18. 23:01:12 : Inserting entity with GID (00000003000000da).
2025. 06. 18. 23:01:12 : Inserting entity with GID (00000003000000db).
2025. 06. 18. 23:01:12 : Inserting entity with GID (00000003000000dc).
2025. 06. 18. 23:01:12 : Inserting entity with GID (000000040000006d).
2025. 06. 18. 23:01:12 : Inserting entity with GID (000000040000006e).
2025. 06. 18. 23:01:12 : Inserting entity with GID (000000050000009d).
2025. 06. 18. 23:01:12 : Inserting entity with GID (000000050000009e).
2025. 06. 18. 23:01:12 : Inserting entity with GID (000000050000009f).
2025. 06. 18. 23:01:12 : Inserting entity with GID (000000060000009d).
2025. 06. 18. 23:01:12 : Inserting entity with GID (000000060000009e).
2025. 06. 18. 23:01:12 : Inserting entity with GID (000000060000009f).
2025. 06. 18. 23:01:12 : Inserting entity with GID (00000001000000a6).
2025. 06. 18. 23:01:12 : Inserting entity with GID (00000001000000a7).
2025. 06. 18. 23:01:12 : Inserting entity with GID (00000001000000a8).
2025. 06. 18. 23:01:12 : Inserting entity with GID (00000002000000dd).
2025. 06. 18. 23:01:12 : Inserting entity with GID (00000002000000de).
2025. 06. 18. 23:01:12 : Inserting entity with GID (00000002000000df).
2025. 06. 18. 23:01:12 : Inserting entity with GID (00000002000000e0).
2025. 06. 18. 23:01:12 : Inserting entity with GID (00000003000000dd).
2025. 06. 18. 23:01:12 : Inserting entity with GID (00000003000000de).
2025. 06. 18. 23:01:12 : Inserting entity with GID (00000003000000df).
2025. 06. 18. 23:01:12 : Inserting entity with GID (00000003000000e0).
2025. 06. 18. 23:01:12 : Inserting entity with GID (000000040000006f).
2025. 06. 18. 23:01:12 : Inserting entity with GID (0000000400000070).
2025. 06. 18. 23:01:12 : Inserting entity with GID (00000005000000a0).
2025. 06. 18. 23:01:12 : Inserting entity with GID (00000005000000a1).
2025. 06. 18. 23:01:12 : Inserting entity with GID (00000005000000a2).
2025. 06. 18. 23:01:12 : Inserting entity with GID (00000006000000a0).
2025. 06. 18. 23:01:12 : Inserting entity with GID (00000006000000a1).
2025. 06. 18. 23:01:12 : Inserting entity with GID (00000006000000a2).
2025. 06. 18. 23:01:12 : Inserting entity with GID (00000001000000a9).
2025. 06. 18. 23:01:12 : Inserting entity with GID (00000001000000aa).
2025. 06. 18. 23:01:12 : Inserting entity with GID (00000001000000ab).
2025. 06. 18. 23:01:12 : Inserting entity with GID (00000002000000e1).
2025. 06. 18. 23:01:12 : Inserting entity with GID (00000002000000e2).
2025. 06. 18. 23:01:12 : Inserting entity with GID (00000002000000e3).
2025. 06. 18. 23:01:12 : Inserting entity with GID (00000002000000e4).
2025. 06. 18. 23:01:12 : Inserting entity with GID (00000003000000e1).
2025. 06. 18. 23:01:12 : Inserting entity with GID (00000003000000e2).
2025. 06. 18. 23:01:12 : Inserting entity with GID (00000003000000e3).
2025. 06. 18. 23:01:12 : Inserting entity with GID (00000003000000e4).
2025. 06. 18. 23:01:12 : Inserting entity with GID (0000000400000071).
2025. 06. 18. 23:01:12 : Inserting entity with GID (0000000400000072).
2025. 06. 18. 23:01:12 : Inserting entity with GID (00000005000000a3).
2025. 06. 18. 23:01:12 : Inserting entity with GID (00000005000000a4).
2025. 06. 18. 23:01:12 : Inserting entity with GID (00000005000000a5).
2025. 06. 18. 23:01:12 : Inserting entity with GID (00000006000000a3).
2025. 06. 18. 23:01:12 : Inserting entity with GID (00000006000000a4).
2025. 06. 18. 23:01:12 : Inserting entity with GID (00000006000000a5).
2025. 06. 18. 23:01:12 : Inserting entity with GID (00000001000000ac).
2025. 06. 18. 23:01:12 : Inserting entity with GID (00000001000000ad).
2025. 06. 18. 23:01:12 : Inserting entity with GID (00000001000000ae).
2025. 06. 18. 23:01:12 : Inserting entity with GID (00000002000000e5).
2025. 06. 18. 23:01:12 : Inserting entity with GID (00000002000000e6).
2025. 06. 18. 23:01:12 : Inserting entity with GID (00000002000000e7).
2025. 06. 18. 23:01:12 : Inserting entity with GID (00000002000000e8).
2025. 06. 18. 23:01:12 : Inserting entity with GID (00000003000000e5).
2025. 06. 18. 23:01:12 : Inserting entity with GID (00000003000000e6).
2025. 06. 18. 23:01:12 : Inserting entity with GID (00000003000000e7).
2025. 06. 18. 23:01:12 : Inserting entity with GID (00000003000000e8).
2025. 06. 18. 23:01:12 : Inserting entity with GID (0000000400000073).
2025. 06. 18. 23:01:12 : Inserting entity with GID (0000000400000074).
2025. 06. 18. 23:01:12 : Inserting entity with GID (00000005000000a6).
2025. 06. 18. 23:01:12 : Inserting entity with GID (00000005000000a7).
2025. 06. 18. 23:01:12 : Inserting entity with GID (00000005000000a8).
2025. 06. 18. 23:01:12 : Inserting entity with GID (00000006000000a6).
2025. 06. 18. 23:01:12 : Inserting entity with GID (00000006000000a7).
2025. 06. 18. 23:01:12 : Inserting entity with GID (00000006000000a8).
2025. 06. 18. 23:01:12 : Inserting entity with GID (00000001000000af).
2025. 06. 18. 23:01:12 : Inserting entity with GID (00000001000000b0).
2025. 06. 18. 23:01:12 : Inserting entity with GID (00000001000000b1).
2025. 06. 18. 23:01:12 : Inserting entity with GID (00000002000000e9).
2025. 06. 18. 23:01:12 : Inserting entity with GID (00000002000000ea).
2025. 06. 18. 23:01:12 : Inserting entity with GID (00000002000000eb).
2025. 06. 18. 23:01:12 : Inserting entity with GID (00000002000000ec).
2025. 06. 18. 23:01:12 : Inserting entity with GID (00000003000000e9).
2025. 06. 18. 23:01:12 : Inserting entity with GID (00000003000000ea).
2025. 06. 18. 23:01:12 : Inserting entity with GID (00000003000000eb).
2025. 06. 18. 23:01:12 : Inserting entity with GID (00000003000000ec).
2025. 06. 18. 23:01:12 : Inserting entity with GID (0000000400000075).
2025. 06. 18. 23:01:12 : Inserting entity with GID (0000000400000076).
2025. 06. 18. 23:01:12 : Inserting entity with GID (00000005000000a9).
2025. 06. 18. 23:01:12 : Inserting entity with GID (00000005000000aa).
2025. 06. 18. 23:01:12 : Inserting entity with GID (00000005000000ab).
2025. 06. 18. 23:01:12 : Inserting entity with GID (00000006000000a9).
2025. 06. 18. 23:01:12 : Inserting entity with GID (00000006000000aa).
2025. 06. 18. 23:01:12 : Inserting entity with GID (00000006000000ab).
2025. 06. 18. 23:01:12 : Inserting entity with GID (00000001000000b2).
2025. 06. 18. 23:01:12 : Inserting entity with GID (00000001000000b3).
2025. 06. 18. 23:01:12 : Inserting entity with GID (00000001000000b4).
2025. 06. 18. 23:01:12 : Inserting entity with GID (00000002000000ed).
2025. 06. 18. 23:01:12 : Inserting entity with GID (00000002000000ee).
2025. 06. 18. 23:01:12 : Inserting entity with GID (00000002000000ef).
2025. 06. 18. 23:01:12 : Inserting entity with GID (00000002000000f0).
2025. 06. 18. 23:01:12 : Inserting entity with GID (00000003000000ed).
2025. 06. 18. 23:01:12 : Inserting entity with GID (00000003000000ee).
2025. 06. 18. 23:01:12 : Inserting entity with GID (00000003000000ef).
2025. 06. 18. 23:01:12 : Inserting entity with GID (00000003000000f0).
2025. 06. 18. 23:01:12 : Inserting entity with GID (0000000400000077).
2025. 06. 18. 23:01:12 : Inserting entity with GID (0000000400000078).
2025. 06. 18. 23:01:12 : Inserting entity with GID (00000005000000ac).
2025. 06. 18. 23:01:12 : Inserting entity with GID (00000005000000ad).
2025. 06. 18. 23:01:12 : Inserting entity with GID (00000005000000ae).
2025. 06. 18. 23:01:12 : Inserting entity with GID (00000006000000ac).
2025. 06. 18. 23:01:12 : Inserting entity with GID (00000006000000ad).
2025. 06. 18. 23:01:12 : Inserting entity with GID (00000006000000ae).
2025. 06. 18. 23:01:12 : Inserting entity with GID (00000001000000b5).
2025. 06. 18. 23:01:12 : Inserting entity with GID (00000001000000b6).
2025. 06. 18. 23:01:12 : Inserting entity with GID (00000001000000b7).
2025. 06. 18. 23:01:12 : Inserting entity with GID (00000002000000f1).
2025. 06. 18. 23:01:12 : Inserting entity with GID (00000002000000f2).
2025. 06. 18. 23:01:12 : Inserting entity with GID (00000002000000f3).
2025. 06. 18. 23:01:12 : Inserting entity with GID (00000002000000f4).
2025. 06. 18. 23:01:12 : Inserting entity with GID (00000003000000f1).
2025. 06. 18. 23:01:12 : Inserting entity with GID (00000003000000f2).
2025. 06. 18. 23:01:12 : Inserting entity with GID (00000003000000f3).
2025. 06. 18. 23:01:12 : Inserting entity with GID (00000003000000f4).
2025. 06. 18. 23:01:12 : Inserting entity with GID (0000000400000079).
2025. 06. 18. 23:01:12 : Inserting entity with GID (000000040000007a).
2025. 06. 18. 23:01:12 : Inserting entity with GID (00000005000000af).
2025. 06. 18. 23:01:12 : Inserting entity with GID (00000005000000b0).
2025. 06. 18. 23:01:12 : Inserting entity with GID (00000005000000b1).
2025. 06. 18. 23:01:12 : Inserting entity with GID (00000006000000af).
2025. 06. 18. 23:01:12 : Inserting entity with GID (00000006000000b0).
2025. 06. 18. 23:01:12 : Inserting entity with GID (00000006000000b1).
2025. 06. 18. 23:01:12 : Inserting entity with GID (00000001000000b8).
2025. 06. 18. 23:01:12 : Inserting entity with GID (00000001000000b9).
2025. 06. 18. 23:01:12 : Inserting entity with GID (00000001000000ba).
2025. 06. 18. 23:01:12 : Inserting entity with GID (00000002000000f5).
2025. 06. 18. 23:01:12 : Inserting entity with GID (00000002000000f6).
2025. 06. 18. 23:01:12 : Inserting entity with GID (00000002000000f7).
2025. 06. 18. 23:01:12 : Inserting entity with GID (00000002000000f8).
2025. 06. 18. 23:01:12 : Inserting entity with GID (00000003000000f5).
2025. 06. 18. 23:01:12 : Inserting entity with GID (00000003000000f6).
2025. 06. 18. 23:01:12 : Inserting entity with GID (00000003000000f7).
2025. 06. 18. 23:01:12 : Inserting entity with GID (00000003000000f8).
2025. 06. 18. 23:01:12 : Inserting entity with GID (000000040000007b).
2025. 06. 18. 23:01:12 : Inserting entity with GID (000000040000007c).
2025. 06. 18. 23:01:12 : Inserting entity with GID (00000005000000b2).
2025. 06. 18. 23:01:12 : Inserting entity with GID (00000005000000b3).
2025. 06. 18. 23:01:12 : Inserting entity with GID (00000005000000b4).
2025. 06. 18. 23:01:12 : Inserting entity with GID (00000006000000b2).
2025. 06. 18. 23:01:12 : Inserting entity with GID (00000006000000b3).
2025. 06. 18. 23:01:12 : Inserting entity with GID (00000006000000b4).
2025. 06. 18. 23:01:12 : Inserting entity with GID (00000001000000bb).
2025. 06. 18. 23:01:12 : Inserting entity with GID (00000001000000bc).
2025. 06. 18. 23:01:12 : Inserting entity with GID (00000001000000bd).
2025. 06. 18. 23:01:12 : Inserting entity with GID (00000002000000f9).
2025. 06. 18. 23:01:12 : Inserting entity with GID (00000002000000fa).
2025. 06. 18. 23:01:12 : Inserting entity with GID (00000002000000fb).
2025. 06. 18. 23:01:12 : Inserting entity with GID (00000002000000fc).
2025. 06. 18. 23:01:12 : Inserting entity with GID (00000003000000f9).
2025. 06. 18. 23:01:12 : Inserting entity with GID (00000003000000fa).
2025. 06. 18. 23:01:12 : Inserting entity with GID (00000003000000fb).
2025. 06. 18. 23:01:12 : Inserting entity with GID (00000003000000fc).
2025. 06. 18. 23:01:12 : Inserting entity with GID (000000040000007d).
2025. 06. 18. 23:01:12 : Inserting entity with GID (000000040000007e).
2025. 06. 18. 23:01:12 : Inserting entity with GID (00000005000000b5).
2025. 06. 18. 23:01:12 : Inserting entity with GID (00000005000000b6).
2025. 06. 18. 23:01:12 : Inserting entity with GID (00000005000000b7).
2025. 06. 18. 23:01:12 : Inserting entity with GID (00000006000000b5).
2025. 06. 18. 23:01:12 : Inserting entity with GID (00000006000000b6).
2025. 06. 18. 23:01:12 : Inserting entity with GID (00000006000000b7).
2025. 06. 18. 23:01:12 : Inserting entity with GID (00000001000000be).
2025. 06. 18. 23:01:12 : Inserting entity with GID (00000001000000bf).
2025. 06. 18. 23:01:12 : Inserting entity with GID (00000001000000c0).
2025. 06. 18. 23:01:12 : Inserting entity with GID (00000002000000fd).
2025. 06. 18. 23:01:12 : Inserting entity with GID (00000002000000fe).
2025. 06. 18. 23:01:12 : Inserting entity with GID (00000002000000ff).
2025. 06. 18. 23:01:12 : Inserting entity with GID (0000000200000100).
2025. 06. 18. 23:01:12 : Inserting entity with GID (00000003000000fd).
2025. 06. 18. 23:01:12 : Inserting entity with GID (00000003000000fe).
2025. 06. 18. 23:01:12 : Inserting entity with GID (00000003000000ff).
2025. 06. 18. 23:01:12 : Inserting entity with GID (0000000300000100).
2025. 06. 18. 23:01:12 : Inserting entity with GID (000000040000007f).
2025. 06. 18. 23:01:12 : Inserting entity with GID (0000000400000080).
2025. 06. 18. 23:01:12 : Inserting entity with GID (00000005000000b8).
2025. 06. 18. 23:01:12 : Inserting entity with GID (00000005000000b9).
2025. 06. 18. 23:01:12 : Inserting entity with GID (00000005000000ba).
2025. 06. 18. 23:01:12 : Inserting entity with GID (00000006000000b8).
2025. 06. 18. 23:01:12 : Inserting entity with GID (00000006000000b9).
2025. 06. 18. 23:01:12 : Inserting entity with GID (00000006000000ba).
2025. 06. 18. 23:01:12 : Inserting entity with GID (00000001000000c1).
2025. 06. 18. 23:01:12 : Inserting entity with GID (00000001000000c2).
2025. 06. 18. 23:01:12 : Inserting entity with GID (00000001000000c3).
2025. 06. 18. 23:01:12 : Inserting entity with GID (0000000200000101).
2025. 06. 18. 23:01:12 : Inserting entity with GID (0000000200000102).
2025. 06. 18. 23:01:12 : Inserting entity with GID (0000000200000103).
2025. 06. 18. 23:01:12 : Inserting entity with GID (0000000200000104).
2025. 06. 18. 23:01:12 : Inserting entity with GID (0000000300000101).
2025. 06. 18. 23:01:12 : Inserting entity with GID (0000000300000102).
2025. 06. 18. 23:01:12 : Inserting entity with GID (0000000300000103).
2025. 06. 18. 23:01:12 : Inserting entity with GID (0000000300000104).
2025. 06. 18. 23:01:12 : Inserting entity with GID (0000000400000081).
2025. 06. 18. 23:01:12 : Inserting entity with GID (0000000400000082).
2025. 06. 18. 23:01:12 : Inserting entity with GID (00000005000000bb).
2025. 06. 18. 23:01:12 : Inserting entity with GID (00000005000000bc).
2025. 06. 18. 23:01:12 : Inserting entity with GID (00000005000000bd).
2025. 06. 18. 23:01:12 : Inserting entity with GID (00000006000000bb).
2025. 06. 18. 23:01:12 : Inserting entity with GID (00000006000000bc).
2025. 06. 18. 23:01:12 : Inserting entity with GID (00000006000000bd).
2025. 06. 18. 23:01:14 : The communication object, System.ServiceModel.ServiceHost, cannot be used for communication because it is in the Faulted state.
2025. 06. 18. 23:01:14 : NetworkModelService failed.
2025. 06. 18. 23:01:14 :    at System.ServiceModel.Channels.CommunicationObject.Close(TimeSpan timeout)
   at System.ServiceModel.Channels.CommunicationObject.Close()
   at FTN.Services.NetworkModelService.NetworkModelService.CloseHosts() in D:\Fakultet\IV godina\modeli pod\PROJEKAT\Projekat\MPPM\ModelLabsProjekat\ModelLabs\NetworkModelService\NetworkModelService.cs:line 90
   at FTN.Services.NetworkModelService.NetworkModelService.Dispose() in D:\Fakultet\IV godina\modeli pod\PROJEKAT\Projekat\MPPM\ModelLabsProjekat\ModelLabs\NetworkModelService\NetworkModelService.cs:line 28
   at FTN.Services.NetworkModelService.Program.Main(String[] args) in D:\Fakultet\IV godina\modeli pod\PROJEKAT\Projekat\MPPM\ModelLabsProjekat\ModelLabs\NetworkModelService\ServiceHost\NetworkModelServiceSelfHost\Program.cs:line 25
